running develop
Removing /home/rafal/Robot_client/ros2_ws/install/camera_sub_pkg/lib/python3.10/site-packages/camera-sub-pkg.egg-link (link to .)
running egg_info
writing ../../build/camera_sub_pkg/camera_sub_pkg.egg-info/PKG-INFO
writing dependency_links to ../../build/camera_sub_pkg/camera_sub_pkg.egg-info/dependency_links.txt
writing entry points to ../../build/camera_sub_pkg/camera_sub_pkg.egg-info/entry_points.txt
writing requirements to ../../build/camera_sub_pkg/camera_sub_pkg.egg-info/requires.txt
writing top-level names to ../../build/camera_sub_pkg/camera_sub_pkg.egg-info/top_level.txt
reading manifest file '../../build/camera_sub_pkg/camera_sub_pkg.egg-info/SOURCES.txt'
writing manifest file '../../build/camera_sub_pkg/camera_sub_pkg.egg-info/SOURCES.txt'
running build
running build_py
creating /home/rafal/Robot_client/ros2_ws/build/camera_sub_pkg/build
creating /home/rafal/Robot_client/ros2_ws/build/camera_sub_pkg/build/lib
creating /home/rafal/Robot_client/ros2_ws/build/camera_sub_pkg/build/lib/camera_sub_pkg
copying camera_sub_pkg/camera_subscriber.py -> /home/rafal/Robot_client/ros2_ws/build/camera_sub_pkg/build/lib/camera_sub_pkg
copying camera_sub_pkg/__init__.py -> /home/rafal/Robot_client/ros2_ws/build/camera_sub_pkg/build/lib/camera_sub_pkg
running install
running install_lib
creating /home/rafal/Robot_client/ros2_ws/install/camera_sub_pkg/lib/python3.10/site-packages/camera_sub_pkg
copying /home/rafal/Robot_client/ros2_ws/build/camera_sub_pkg/build/lib/camera_sub_pkg/camera_subscriber.py -> /home/rafal/Robot_client/ros2_ws/install/camera_sub_pkg/lib/python3.10/site-packages/camera_sub_pkg
copying /home/rafal/Robot_client/ros2_ws/build/camera_sub_pkg/build/lib/camera_sub_pkg/__init__.py -> /home/rafal/Robot_client/ros2_ws/install/camera_sub_pkg/lib/python3.10/site-packages/camera_sub_pkg
byte-compiling /home/rafal/Robot_client/ros2_ws/install/camera_sub_pkg/lib/python3.10/site-packages/camera_sub_pkg/camera_subscriber.py to camera_subscriber.cpython-310.pyc
byte-compiling /home/rafal/Robot_client/ros2_ws/install/camera_sub_pkg/lib/python3.10/site-packages/camera_sub_pkg/__init__.py to __init__.cpython-310.pyc
running install_data
running install_egg_info
Copying ../../build/camera_sub_pkg/camera_sub_pkg.egg-info to /home/rafal/Robot_client/ros2_ws/install/camera_sub_pkg/lib/python3.10/site-packages/camera_sub_pkg-0.0.0-py3.10.egg-info
running install_scripts
Installing camera_subscriber script to /home/rafal/Robot_client/ros2_ws/install/camera_sub_pkg/lib/camera_sub_pkg
writing list of installed files to '/home/rafal/Robot_client/ros2_ws/build/camera_sub_pkg/install.log'
