[0.789s] Invoking command in '/home/rafal/Robot_client/ros2_ws/build/camera_sub_pkg': PYTHONPATH=/home/rafal/Robot_client/ros2_ws/build/camera_sub_pkg/prefix_override:/home/rafal/Robot_client/ros2_ws/install/camera_sub_pkg/lib/python3.10/site-packages:${PYTHONPATH} /usr/bin/python3 setup.py develop --uninstall --editable --build-directory /home/rafal/Robot_client/ros2_ws/build/camera_sub_pkg/build
[1.031s] running develop
[1.178s] Removing /home/rafal/Robot_client/ros2_ws/install/camera_sub_pkg/lib/python3.10/site-packages/camera-sub-pkg.egg-link (link to .)
[1.203s] Invoked command in '/home/rafal/Robot_client/ros2_ws/build/camera_sub_pkg' returned '0': PYTHONPATH=/home/rafal/Robot_client/ros2_ws/build/camera_sub_pkg/prefix_override:/home/rafal/Robot_client/ros2_ws/install/camera_sub_pkg/lib/python3.10/site-packages:${PYTHONPATH} /usr/bin/python3 setup.py develop --uninstall --editable --build-directory /home/rafal/Robot_client/ros2_ws/build/camera_sub_pkg/build
[1.205s] Invoking command in '/home/rafal/Robot_client/ros2_ws/src/camera_sub_pkg': PYTHONPATH=/home/rafal/Robot_client/ros2_ws/build/camera_sub_pkg/prefix_override:/home/rafal/Robot_client/ros2_ws/install/camera_sub_pkg/lib/python3.10/site-packages:${PYTHONPATH} /usr/bin/python3 setup.py egg_info --egg-base ../../build/camera_sub_pkg build --build-base /home/rafal/Robot_client/ros2_ws/build/camera_sub_pkg/build install --record /home/rafal/Robot_client/ros2_ws/build/camera_sub_pkg/install.log --single-version-externally-managed
[1.417s] running egg_info
[1.418s] writing ../../build/camera_sub_pkg/camera_sub_pkg.egg-info/PKG-INFO
[1.418s] writing dependency_links to ../../build/camera_sub_pkg/camera_sub_pkg.egg-info/dependency_links.txt
[1.418s] writing entry points to ../../build/camera_sub_pkg/camera_sub_pkg.egg-info/entry_points.txt
[1.418s] writing requirements to ../../build/camera_sub_pkg/camera_sub_pkg.egg-info/requires.txt
[1.418s] writing top-level names to ../../build/camera_sub_pkg/camera_sub_pkg.egg-info/top_level.txt
[1.420s] reading manifest file '../../build/camera_sub_pkg/camera_sub_pkg.egg-info/SOURCES.txt'
[1.421s] writing manifest file '../../build/camera_sub_pkg/camera_sub_pkg.egg-info/SOURCES.txt'
[1.421s] running build
[1.422s] running build_py
[1.422s] creating /home/rafal/Robot_client/ros2_ws/build/camera_sub_pkg/build
[1.422s] creating /home/rafal/Robot_client/ros2_ws/build/camera_sub_pkg/build/lib
[1.422s] creating /home/rafal/Robot_client/ros2_ws/build/camera_sub_pkg/build/lib/camera_sub_pkg
[1.422s] copying camera_sub_pkg/camera_subscriber.py -> /home/rafal/Robot_client/ros2_ws/build/camera_sub_pkg/build/lib/camera_sub_pkg
[1.422s] copying camera_sub_pkg/__init__.py -> /home/rafal/Robot_client/ros2_ws/build/camera_sub_pkg/build/lib/camera_sub_pkg
[1.422s] running install
[1.422s] running install_lib
[1.423s] creating /home/rafal/Robot_client/ros2_ws/install/camera_sub_pkg/lib/python3.10/site-packages/camera_sub_pkg
[1.423s] copying /home/rafal/Robot_client/ros2_ws/build/camera_sub_pkg/build/lib/camera_sub_pkg/camera_subscriber.py -> /home/rafal/Robot_client/ros2_ws/install/camera_sub_pkg/lib/python3.10/site-packages/camera_sub_pkg
[1.423s] copying /home/rafal/Robot_client/ros2_ws/build/camera_sub_pkg/build/lib/camera_sub_pkg/__init__.py -> /home/rafal/Robot_client/ros2_ws/install/camera_sub_pkg/lib/python3.10/site-packages/camera_sub_pkg
[1.424s] byte-compiling /home/rafal/Robot_client/ros2_ws/install/camera_sub_pkg/lib/python3.10/site-packages/camera_sub_pkg/camera_subscriber.py to camera_subscriber.cpython-310.pyc
[1.425s] byte-compiling /home/rafal/Robot_client/ros2_ws/install/camera_sub_pkg/lib/python3.10/site-packages/camera_sub_pkg/__init__.py to __init__.cpython-310.pyc
[1.425s] running install_data
[1.425s] running install_egg_info
[1.427s] Copying ../../build/camera_sub_pkg/camera_sub_pkg.egg-info to /home/rafal/Robot_client/ros2_ws/install/camera_sub_pkg/lib/python3.10/site-packages/camera_sub_pkg-0.0.0-py3.10.egg-info
[1.428s] running install_scripts
[1.445s] Installing camera_subscriber script to /home/rafal/Robot_client/ros2_ws/install/camera_sub_pkg/lib/camera_sub_pkg
[1.445s] writing list of installed files to '/home/rafal/Robot_client/ros2_ws/build/camera_sub_pkg/install.log'
[1.466s] Invoked command in '/home/rafal/Robot_client/ros2_ws/src/camera_sub_pkg' returned '0': PYTHONPATH=/home/rafal/Robot_client/ros2_ws/build/camera_sub_pkg/prefix_override:/home/rafal/Robot_client/ros2_ws/install/camera_sub_pkg/lib/python3.10/site-packages:${PYTHONPATH} /usr/bin/python3 setup.py egg_info --egg-base ../../build/camera_sub_pkg build --build-base /home/rafal/Robot_client/ros2_ws/build/camera_sub_pkg/build install --record /home/rafal/Robot_client/ros2_ws/build/camera_sub_pkg/install.log --single-version-externally-managed
