-- The C compiler identification is GNU 11.4.0
-- The CXX compiler identification is GNU 11.4.0
-- Detecting C compiler ABI info
-- Detecting C compiler ABI info - done
-- Check for working C compiler: /usr/bin/cc - skipped
-- Detecting C compile features
-- Detecting C compile features - done
-- Detecting CXX compiler ABI info
-- Detecting CXX compiler ABI info - done
-- Check for working CXX compiler: /usr/bin/c++ - skipped
-- Detecting CXX compile features
-- Detecting CXX compile features - done
-- Found ament_cmake: 1.3.6 (/opt/ros/humble/share/ament_cmake/cmake)
-- Found Python3: /usr/bin/python3.10 (found version "3.10.12") found components: Interpreter 
-- Found rosidl_default_generators: 1.2.0 (/opt/ros/humble/share/rosidl_default_generators/cmake)
-- Using all available rosidl_typesupport_c: rosidl_typesupport_fastrtps_c;rosidl_typesupport_introspection_c
-- Found rosidl_adapter: 3.1.5 (/opt/ros/humble/share/rosidl_adapter/cmake)
-- Using all available rosidl_typesupport_cpp: rosidl_typesupport_fastrtps_cpp;rosidl_typesupport_introspection_cpp
-- Found ament_cmake_ros: 0.10.0 (/opt/ros/humble/share/ament_cmake_ros/cmake)
-- Using all available rosidl_typesupport_c: rosidl_typesupport_fastrtps_c;rosidl_typesupport_introspection_c
-- Using all available rosidl_typesupport_cpp: rosidl_typesupport_fastrtps_cpp;rosidl_typesupport_introspection_cpp
-- Found PythonInterp: /usr/bin/python3 (found suitable version "3.10.12", minimum required is "3.6") 
-- Found python_cmake_module: 0.10.0 (/opt/ros/humble/share/python_cmake_module/cmake)
-- Found PythonLibs: /usr/lib/x86_64-linux-gnu/libpython3.10.so (found suitable version "3.10.12", minimum required is "3.5") 
-- Using PYTHON_EXECUTABLE: /usr/bin/python3
-- Using PYTHON_INCLUDE_DIRS: /usr/include/python3.10
-- Using PYTHON_LIBRARIES: /usr/lib/x86_64-linux-gnu/libpython3.10.so
-- Found PythonExtra: .so  
-- Configuring done
-- Generating done
-- Build files have been written to: /home/rafal/Robot_client/ros2_ws/build/rover_interfaces
[  3%] [34m[1mGenerating C code for ROS interfaces[0m
[  6%] [34m[1mGenerating C++ code for ROS interfaces[0m
[  6%] Built target ament_cmake_python_copy_rover_interfaces
[  9%] [32mBuilding C object CMakeFiles/rover_interfaces__rosidl_generator_c.dir/rosidl_generator_c/rover_interfaces/msg/detail/motor_control__functions.c.o[0m
[  9%] Built target rover_interfaces__cpp
running egg_info
creating rover_interfaces.egg-info
writing rover_interfaces.egg-info/PKG-INFO
writing dependency_links to rover_interfaces.egg-info/dependency_links.txt
writing top-level names to rover_interfaces.egg-info/top_level.txt
writing manifest file 'rover_interfaces.egg-info/SOURCES.txt'
[ 12%] [34m[1mGenerating C++ type support dispatch for ROS interfaces[0m
[ 16%] [34m[1mGenerating C++ introspection for ROS interfaces[0m
[ 19%] [34m[1mGenerating C++ type support for eProsima Fast-RTPS[0m
reading manifest file 'rover_interfaces.egg-info/SOURCES.txt'
writing manifest file 'rover_interfaces.egg-info/SOURCES.txt'
[ 19%] Built target ament_cmake_python_build_rover_interfaces_egg
[ 22%] [32m[1mLinking C shared library librover_interfaces__rosidl_generator_c.so[0m
[ 22%] Built target rover_interfaces__rosidl_generator_c
[ 32%] [34m[1mGenerating C introspection for ROS interfaces[0m
[ 29%] [34m[1mGenerating C type support for eProsima Fast-RTPS[0m
[ 32%] [34m[1mGenerating C type support dispatch for ROS interfaces[0m
[ 35%] [32mBuilding CXX object CMakeFiles/rover_interfaces__rosidl_typesupport_cpp.dir/rosidl_typesupport_cpp/rover_interfaces/msg/motor_control__type_support.cpp.o[0m
[ 38%] [32mBuilding CXX object CMakeFiles/rover_interfaces__rosidl_typesupport_introspection_cpp.dir/rosidl_typesupport_introspection_cpp/rover_interfaces/msg/detail/motor_control__type_support.cpp.o[0m
[ 41%] [32mBuilding CXX object CMakeFiles/rover_interfaces__rosidl_typesupport_c.dir/rosidl_typesupport_c/rover_interfaces/msg/motor_control__type_support.cpp.o[0m
[ 45%] [32m[1mLinking CXX shared library librover_interfaces__rosidl_typesupport_c.so[0m
[ 48%] [32mBuilding CXX object CMakeFiles/rover_interfaces__rosidl_typesupport_fastrtps_cpp.dir/rosidl_typesupport_fastrtps_cpp/rover_interfaces/msg/detail/dds_fastrtps/motor_control__type_support.cpp.o[0m
[ 51%] [32mBuilding C object CMakeFiles/rover_interfaces__rosidl_typesupport_introspection_c.dir/rosidl_typesupport_introspection_c/rover_interfaces/msg/detail/motor_control__type_support.c.o[0m
[ 51%] Built target rover_interfaces__rosidl_typesupport_c
[ 54%] [32m[1mLinking C shared library librover_interfaces__rosidl_typesupport_introspection_c.so[0m
[ 58%] [32mBuilding CXX object CMakeFiles/rover_interfaces__rosidl_typesupport_fastrtps_c.dir/rosidl_typesupport_fastrtps_c/rover_interfaces/msg/detail/motor_control__type_support_c.cpp.o[0m
[ 58%] Built target rover_interfaces__rosidl_typesupport_introspection_c
[ 61%] [32m[1mLinking CXX shared library librover_interfaces__rosidl_typesupport_cpp.so[0m
[ 61%] Built target rover_interfaces__rosidl_typesupport_cpp
[ 64%] [32m[1mLinking CXX shared library librover_interfaces__rosidl_typesupport_introspection_cpp.so[0m
[ 67%] [32m[1mLinking CXX shared library librover_interfaces__rosidl_typesupport_fastrtps_c.so[0m
[ 67%] Built target rover_interfaces__rosidl_typesupport_introspection_cpp
[ 70%] [32m[1mLinking CXX shared library librover_interfaces__rosidl_typesupport_fastrtps_cpp.so[0m
[ 70%] Built target rover_interfaces__rosidl_typesupport_fastrtps_c
[ 70%] Built target rover_interfaces__rosidl_typesupport_fastrtps_cpp
[ 70%] Built target rover_interfaces
[ 74%] [34m[1mGenerating Python code for ROS interfaces[0m
[ 74%] Built target rover_interfaces__py
[ 77%] [32mBuilding C object CMakeFiles/rover_interfaces__rosidl_generator_py.dir/rosidl_generator_py/rover_interfaces/msg/_motor_control_s.c.o[0m
[ 80%] [32m[1mLinking C shared library rosidl_generator_py/rover_interfaces/librover_interfaces__rosidl_generator_py.so[0m
[ 80%] Built target rover_interfaces__rosidl_generator_py
[ 90%] [32mBuilding C object CMakeFiles/rover_interfaces__rosidl_typesupport_c__pyext.dir/rosidl_generator_py/rover_interfaces/_rover_interfaces_s.ep.rosidl_typesupport_c.c.o[0m
[ 90%] [32mBuilding C object CMakeFiles/rover_interfaces__rosidl_typesupport_fastrtps_c__pyext.dir/rosidl_generator_py/rover_interfaces/_rover_interfaces_s.ep.rosidl_typesupport_fastrtps_c.c.o[0m
[ 90%] [32mBuilding C object CMakeFiles/rover_interfaces__rosidl_typesupport_introspection_c__pyext.dir/rosidl_generator_py/rover_interfaces/_rover_interfaces_s.ep.rosidl_typesupport_introspection_c.c.o[0m
[ 96%] [32m[1mLinking C shared library rosidl_generator_py/rover_interfaces/rover_interfaces_s__rosidl_typesupport_introspection_c.cpython-310-x86_64-linux-gnu.so[0m
[ 96%] [32m[1mLinking C shared library rosidl_generator_py/rover_interfaces/rover_interfaces_s__rosidl_typesupport_c.cpython-310-x86_64-linux-gnu.so[0m
[100%] [32m[1mLinking C shared library rosidl_generator_py/rover_interfaces/rover_interfaces_s__rosidl_typesupport_fastrtps_c.cpython-310-x86_64-linux-gnu.so[0m
[100%] Built target rover_interfaces__rosidl_typesupport_c__pyext
[100%] Built target rover_interfaces__rosidl_typesupport_introspection_c__pyext
[100%] Built target rover_interfaces__rosidl_typesupport_fastrtps_c__pyext
-- Install configuration: ""
-- Installing: /home/rafal/Robot_client/ros2_ws/install/rover_interfaces/share/ament_index/resource_index/rosidl_interfaces/rover_interfaces
-- Installing: /home/rafal/Robot_client/ros2_ws/install/rover_interfaces/include/rover_interfaces/rover_interfaces
-- Installing: /home/rafal/Robot_client/ros2_ws/install/rover_interfaces/include/rover_interfaces/rover_interfaces/msg
-- Installing: /home/rafal/Robot_client/ros2_ws/install/rover_interfaces/include/rover_interfaces/rover_interfaces/msg/motor_control.h
-- Installing: /home/rafal/Robot_client/ros2_ws/install/rover_interfaces/include/rover_interfaces/rover_interfaces/msg/rosidl_generator_c__visibility_control.h
-- Installing: /home/rafal/Robot_client/ros2_ws/install/rover_interfaces/include/rover_interfaces/rover_interfaces/msg/detail
-- Installing: /home/rafal/Robot_client/ros2_ws/install/rover_interfaces/include/rover_interfaces/rover_interfaces/msg/detail/motor_control__functions.c
-- Installing: /home/rafal/Robot_client/ros2_ws/install/rover_interfaces/include/rover_interfaces/rover_interfaces/msg/detail/motor_control__struct.h
-- Installing: /home/rafal/Robot_client/ros2_ws/install/rover_interfaces/include/rover_interfaces/rover_interfaces/msg/detail/motor_control__type_support.h
-- Installing: /home/rafal/Robot_client/ros2_ws/install/rover_interfaces/include/rover_interfaces/rover_interfaces/msg/detail/motor_control__functions.h
-- Installing: /home/rafal/Robot_client/ros2_ws/install/rover_interfaces/share/rover_interfaces/environment/library_path.sh
-- Installing: /home/rafal/Robot_client/ros2_ws/install/rover_interfaces/share/rover_interfaces/environment/library_path.dsv
-- Installing: /home/rafal/Robot_client/ros2_ws/install/rover_interfaces/lib/librover_interfaces__rosidl_generator_c.so
-- Set runtime path of "/home/rafal/Robot_client/ros2_ws/install/rover_interfaces/lib/librover_interfaces__rosidl_generator_c.so" to ""
-- Up-to-date: /home/rafal/Robot_client/ros2_ws/install/rover_interfaces/include/rover_interfaces/rover_interfaces
-- Up-to-date: /home/rafal/Robot_client/ros2_ws/install/rover_interfaces/include/rover_interfaces/rover_interfaces/msg
-- Installing: /home/rafal/Robot_client/ros2_ws/install/rover_interfaces/include/rover_interfaces/rover_interfaces/msg/rosidl_typesupport_fastrtps_c__visibility_control.h
-- Up-to-date: /home/rafal/Robot_client/ros2_ws/install/rover_interfaces/include/rover_interfaces/rover_interfaces/msg/detail
-- Installing: /home/rafal/Robot_client/ros2_ws/install/rover_interfaces/include/rover_interfaces/rover_interfaces/msg/detail/motor_control__rosidl_typesupport_fastrtps_c.h
-- Installing: /home/rafal/Robot_client/ros2_ws/install/rover_interfaces/lib/librover_interfaces__rosidl_typesupport_fastrtps_c.so
-- Set runtime path of "/home/rafal/Robot_client/ros2_ws/install/rover_interfaces/lib/librover_interfaces__rosidl_typesupport_fastrtps_c.so" to ""
-- Up-to-date: /home/rafal/Robot_client/ros2_ws/install/rover_interfaces/include/rover_interfaces/rover_interfaces
-- Up-to-date: /home/rafal/Robot_client/ros2_ws/install/rover_interfaces/include/rover_interfaces/rover_interfaces/msg
-- Installing: /home/rafal/Robot_client/ros2_ws/install/rover_interfaces/include/rover_interfaces/rover_interfaces/msg/rosidl_typesupport_introspection_c__visibility_control.h
-- Up-to-date: /home/rafal/Robot_client/ros2_ws/install/rover_interfaces/include/rover_interfaces/rover_interfaces/msg/detail
-- Installing: /home/rafal/Robot_client/ros2_ws/install/rover_interfaces/include/rover_interfaces/rover_interfaces/msg/detail/motor_control__type_support.c
-- Installing: /home/rafal/Robot_client/ros2_ws/install/rover_interfaces/include/rover_interfaces/rover_interfaces/msg/detail/motor_control__rosidl_typesupport_introspection_c.h
-- Installing: /home/rafal/Robot_client/ros2_ws/install/rover_interfaces/lib/librover_interfaces__rosidl_typesupport_introspection_c.so
-- Set runtime path of "/home/rafal/Robot_client/ros2_ws/install/rover_interfaces/lib/librover_interfaces__rosidl_typesupport_introspection_c.so" to ""
-- Installing: /home/rafal/Robot_client/ros2_ws/install/rover_interfaces/lib/librover_interfaces__rosidl_typesupport_c.so
-- Set runtime path of "/home/rafal/Robot_client/ros2_ws/install/rover_interfaces/lib/librover_interfaces__rosidl_typesupport_c.so" to ""
-- Up-to-date: /home/rafal/Robot_client/ros2_ws/install/rover_interfaces/include/rover_interfaces/rover_interfaces
-- Up-to-date: /home/rafal/Robot_client/ros2_ws/install/rover_interfaces/include/rover_interfaces/rover_interfaces/msg
-- Installing: /home/rafal/Robot_client/ros2_ws/install/rover_interfaces/include/rover_interfaces/rover_interfaces/msg/motor_control.hpp
-- Up-to-date: /home/rafal/Robot_client/ros2_ws/install/rover_interfaces/include/rover_interfaces/rover_interfaces/msg/detail
-- Installing: /home/rafal/Robot_client/ros2_ws/install/rover_interfaces/include/rover_interfaces/rover_interfaces/msg/detail/motor_control__builder.hpp
-- Installing: /home/rafal/Robot_client/ros2_ws/install/rover_interfaces/include/rover_interfaces/rover_interfaces/msg/detail/motor_control__traits.hpp
-- Installing: /home/rafal/Robot_client/ros2_ws/install/rover_interfaces/include/rover_interfaces/rover_interfaces/msg/detail/motor_control__struct.hpp
-- Up-to-date: /home/rafal/Robot_client/ros2_ws/install/rover_interfaces/include/rover_interfaces/rover_interfaces
-- Up-to-date: /home/rafal/Robot_client/ros2_ws/install/rover_interfaces/include/rover_interfaces/rover_interfaces/msg
-- Installing: /home/rafal/Robot_client/ros2_ws/install/rover_interfaces/include/rover_interfaces/rover_interfaces/msg/rosidl_typesupport_fastrtps_cpp__visibility_control.h
-- Up-to-date: /home/rafal/Robot_client/ros2_ws/install/rover_interfaces/include/rover_interfaces/rover_interfaces/msg/detail
-- Installing: /home/rafal/Robot_client/ros2_ws/install/rover_interfaces/include/rover_interfaces/rover_interfaces/msg/detail/dds_fastrtps
-- Installing: /home/rafal/Robot_client/ros2_ws/install/rover_interfaces/include/rover_interfaces/rover_interfaces/msg/detail/motor_control__rosidl_typesupport_fastrtps_cpp.hpp
-- Installing: /home/rafal/Robot_client/ros2_ws/install/rover_interfaces/lib/librover_interfaces__rosidl_typesupport_fastrtps_cpp.so
-- Set runtime path of "/home/rafal/Robot_client/ros2_ws/install/rover_interfaces/lib/librover_interfaces__rosidl_typesupport_fastrtps_cpp.so" to ""
-- Up-to-date: /home/rafal/Robot_client/ros2_ws/install/rover_interfaces/include/rover_interfaces/rover_interfaces
-- Up-to-date: /home/rafal/Robot_client/ros2_ws/install/rover_interfaces/include/rover_interfaces/rover_interfaces/msg
-- Up-to-date: /home/rafal/Robot_client/ros2_ws/install/rover_interfaces/include/rover_interfaces/rover_interfaces/msg/detail
-- Installing: /home/rafal/Robot_client/ros2_ws/install/rover_interfaces/include/rover_interfaces/rover_interfaces/msg/detail/motor_control__type_support.cpp
-- Installing: /home/rafal/Robot_client/ros2_ws/install/rover_interfaces/include/rover_interfaces/rover_interfaces/msg/detail/motor_control__rosidl_typesupport_introspection_cpp.hpp
-- Installing: /home/rafal/Robot_client/ros2_ws/install/rover_interfaces/lib/librover_interfaces__rosidl_typesupport_introspection_cpp.so
-- Set runtime path of "/home/rafal/Robot_client/ros2_ws/install/rover_interfaces/lib/librover_interfaces__rosidl_typesupport_introspection_cpp.so" to ""
-- Installing: /home/rafal/Robot_client/ros2_ws/install/rover_interfaces/lib/librover_interfaces__rosidl_typesupport_cpp.so
-- Set runtime path of "/home/rafal/Robot_client/ros2_ws/install/rover_interfaces/lib/librover_interfaces__rosidl_typesupport_cpp.so" to ""
-- Installing: /home/rafal/Robot_client/ros2_ws/install/rover_interfaces/share/rover_interfaces/environment/pythonpath.sh
-- Installing: /home/rafal/Robot_client/ros2_ws/install/rover_interfaces/share/rover_interfaces/environment/pythonpath.dsv
-- Installing: /home/rafal/Robot_client/ros2_ws/install/rover_interfaces/local/lib/python3.10/dist-packages/rover_interfaces-0.0.0-py3.10.egg-info
-- Installing: /home/rafal/Robot_client/ros2_ws/install/rover_interfaces/local/lib/python3.10/dist-packages/rover_interfaces-0.0.0-py3.10.egg-info/top_level.txt
-- Installing: /home/rafal/Robot_client/ros2_ws/install/rover_interfaces/local/lib/python3.10/dist-packages/rover_interfaces-0.0.0-py3.10.egg-info/PKG-INFO
-- Installing: /home/rafal/Robot_client/ros2_ws/install/rover_interfaces/local/lib/python3.10/dist-packages/rover_interfaces-0.0.0-py3.10.egg-info/SOURCES.txt
-- Installing: /home/rafal/Robot_client/ros2_ws/install/rover_interfaces/local/lib/python3.10/dist-packages/rover_interfaces-0.0.0-py3.10.egg-info/dependency_links.txt
-- Installing: /home/rafal/Robot_client/ros2_ws/install/rover_interfaces/local/lib/python3.10/dist-packages/rover_interfaces
-- Installing: /home/rafal/Robot_client/ros2_ws/install/rover_interfaces/local/lib/python3.10/dist-packages/rover_interfaces/msg
-- Installing: /home/rafal/Robot_client/ros2_ws/install/rover_interfaces/local/lib/python3.10/dist-packages/rover_interfaces/msg/__init__.py
-- Installing: /home/rafal/Robot_client/ros2_ws/install/rover_interfaces/local/lib/python3.10/dist-packages/rover_interfaces/msg/_motor_control_s.c
-- Installing: /home/rafal/Robot_client/ros2_ws/install/rover_interfaces/local/lib/python3.10/dist-packages/rover_interfaces/msg/_motor_control.py
-- Installing: /home/rafal/Robot_client/ros2_ws/install/rover_interfaces/local/lib/python3.10/dist-packages/rover_interfaces/__init__.py
-- Installing: /home/rafal/Robot_client/ros2_ws/install/rover_interfaces/local/lib/python3.10/dist-packages/rover_interfaces/_rover_interfaces_s.ep.rosidl_typesupport_introspection_c.c
-- Installing: /home/rafal/Robot_client/ros2_ws/install/rover_interfaces/local/lib/python3.10/dist-packages/rover_interfaces/rover_interfaces_s__rosidl_typesupport_fastrtps_c.cpython-310-x86_64-linux-gnu.so
-- Installing: /home/rafal/Robot_client/ros2_ws/install/rover_interfaces/local/lib/python3.10/dist-packages/rover_interfaces/_rover_interfaces_s.ep.rosidl_typesupport_c.c
-- Installing: /home/rafal/Robot_client/ros2_ws/install/rover_interfaces/local/lib/python3.10/dist-packages/rover_interfaces/rover_interfaces_s__rosidl_typesupport_c.cpython-310-x86_64-linux-gnu.so
-- Installing: /home/rafal/Robot_client/ros2_ws/install/rover_interfaces/local/lib/python3.10/dist-packages/rover_interfaces/librover_interfaces__rosidl_generator_py.so
-- Installing: /home/rafal/Robot_client/ros2_ws/install/rover_interfaces/local/lib/python3.10/dist-packages/rover_interfaces/_rover_interfaces_s.ep.rosidl_typesupport_fastrtps_c.c
-- Installing: /home/rafal/Robot_client/ros2_ws/install/rover_interfaces/local/lib/python3.10/dist-packages/rover_interfaces/rover_interfaces_s__rosidl_typesupport_introspection_c.cpython-310-x86_64-linux-gnu.so
Listing '/home/rafal/Robot_client/ros2_ws/install/rover_interfaces/local/lib/python3.10/dist-packages/rover_interfaces'...
Compiling '/home/rafal/Robot_client/ros2_ws/install/rover_interfaces/local/lib/python3.10/dist-packages/rover_interfaces/__init__.py'...
Listing '/home/rafal/Robot_client/ros2_ws/install/rover_interfaces/local/lib/python3.10/dist-packages/rover_interfaces/msg'...
Compiling '/home/rafal/Robot_client/ros2_ws/install/rover_interfaces/local/lib/python3.10/dist-packages/rover_interfaces/msg/__init__.py'...
Compiling '/home/rafal/Robot_client/ros2_ws/install/rover_interfaces/local/lib/python3.10/dist-packages/rover_interfaces/msg/_motor_control.py'...
-- Installing: /home/rafal/Robot_client/ros2_ws/install/rover_interfaces/local/lib/python3.10/dist-packages/rover_interfaces/rover_interfaces_s__rosidl_typesupport_fastrtps_c.cpython-310-x86_64-linux-gnu.so
-- Set runtime path of "/home/rafal/Robot_client/ros2_ws/install/rover_interfaces/local/lib/python3.10/dist-packages/rover_interfaces/rover_interfaces_s__rosidl_typesupport_fastrtps_c.cpython-310-x86_64-linux-gnu.so" to ""
-- Installing: /home/rafal/Robot_client/ros2_ws/install/rover_interfaces/local/lib/python3.10/dist-packages/rover_interfaces/rover_interfaces_s__rosidl_typesupport_introspection_c.cpython-310-x86_64-linux-gnu.so
-- Set runtime path of "/home/rafal/Robot_client/ros2_ws/install/rover_interfaces/local/lib/python3.10/dist-packages/rover_interfaces/rover_interfaces_s__rosidl_typesupport_introspection_c.cpython-310-x86_64-linux-gnu.so" to ""
-- Installing: /home/rafal/Robot_client/ros2_ws/install/rover_interfaces/local/lib/python3.10/dist-packages/rover_interfaces/rover_interfaces_s__rosidl_typesupport_c.cpython-310-x86_64-linux-gnu.so
-- Set runtime path of "/home/rafal/Robot_client/ros2_ws/install/rover_interfaces/local/lib/python3.10/dist-packages/rover_interfaces/rover_interfaces_s__rosidl_typesupport_c.cpython-310-x86_64-linux-gnu.so" to ""
-- Installing: /home/rafal/Robot_client/ros2_ws/install/rover_interfaces/lib/librover_interfaces__rosidl_generator_py.so
-- Set runtime path of "/home/rafal/Robot_client/ros2_ws/install/rover_interfaces/lib/librover_interfaces__rosidl_generator_py.so" to ""
-- Installing: /home/rafal/Robot_client/ros2_ws/install/rover_interfaces/share/rover_interfaces/msg/MotorControl.idl
-- Installing: /home/rafal/Robot_client/ros2_ws/install/rover_interfaces/share/rover_interfaces/msg/MotorControl.msg
-- Installing: /home/rafal/Robot_client/ros2_ws/install/rover_interfaces/share/ament_index/resource_index/package_run_dependencies/rover_interfaces
-- Installing: /home/rafal/Robot_client/ros2_ws/install/rover_interfaces/share/ament_index/resource_index/parent_prefix_path/rover_interfaces
-- Installing: /home/rafal/Robot_client/ros2_ws/install/rover_interfaces/share/rover_interfaces/environment/ament_prefix_path.sh
-- Installing: /home/rafal/Robot_client/ros2_ws/install/rover_interfaces/share/rover_interfaces/environment/ament_prefix_path.dsv
-- Installing: /home/rafal/Robot_client/ros2_ws/install/rover_interfaces/share/rover_interfaces/environment/path.sh
-- Installing: /home/rafal/Robot_client/ros2_ws/install/rover_interfaces/share/rover_interfaces/environment/path.dsv
-- Installing: /home/rafal/Robot_client/ros2_ws/install/rover_interfaces/share/rover_interfaces/local_setup.bash
-- Installing: /home/rafal/Robot_client/ros2_ws/install/rover_interfaces/share/rover_interfaces/local_setup.sh
-- Installing: /home/rafal/Robot_client/ros2_ws/install/rover_interfaces/share/rover_interfaces/local_setup.zsh
-- Installing: /home/rafal/Robot_client/ros2_ws/install/rover_interfaces/share/rover_interfaces/local_setup.dsv
-- Installing: /home/rafal/Robot_client/ros2_ws/install/rover_interfaces/share/rover_interfaces/package.dsv
-- Installing: /home/rafal/Robot_client/ros2_ws/install/rover_interfaces/share/ament_index/resource_index/packages/rover_interfaces
-- Installing: /home/rafal/Robot_client/ros2_ws/install/rover_interfaces/share/rover_interfaces/cmake/export_rover_interfaces__rosidl_generator_cExport.cmake
-- Installing: /home/rafal/Robot_client/ros2_ws/install/rover_interfaces/share/rover_interfaces/cmake/export_rover_interfaces__rosidl_generator_cExport-noconfig.cmake
-- Installing: /home/rafal/Robot_client/ros2_ws/install/rover_interfaces/share/rover_interfaces/cmake/export_rover_interfaces__rosidl_typesupport_fastrtps_cExport.cmake
-- Installing: /home/rafal/Robot_client/ros2_ws/install/rover_interfaces/share/rover_interfaces/cmake/export_rover_interfaces__rosidl_typesupport_fastrtps_cExport-noconfig.cmake
-- Installing: /home/rafal/Robot_client/ros2_ws/install/rover_interfaces/share/rover_interfaces/cmake/rover_interfaces__rosidl_typesupport_introspection_cExport.cmake
-- Installing: /home/rafal/Robot_client/ros2_ws/install/rover_interfaces/share/rover_interfaces/cmake/rover_interfaces__rosidl_typesupport_introspection_cExport-noconfig.cmake
-- Installing: /home/rafal/Robot_client/ros2_ws/install/rover_interfaces/share/rover_interfaces/cmake/rover_interfaces__rosidl_typesupport_cExport.cmake
-- Installing: /home/rafal/Robot_client/ros2_ws/install/rover_interfaces/share/rover_interfaces/cmake/rover_interfaces__rosidl_typesupport_cExport-noconfig.cmake
-- Installing: /home/rafal/Robot_client/ros2_ws/install/rover_interfaces/share/rover_interfaces/cmake/export_rover_interfaces__rosidl_generator_cppExport.cmake
-- Installing: /home/rafal/Robot_client/ros2_ws/install/rover_interfaces/share/rover_interfaces/cmake/export_rover_interfaces__rosidl_typesupport_fastrtps_cppExport.cmake
-- Installing: /home/rafal/Robot_client/ros2_ws/install/rover_interfaces/share/rover_interfaces/cmake/export_rover_interfaces__rosidl_typesupport_fastrtps_cppExport-noconfig.cmake
-- Installing: /home/rafal/Robot_client/ros2_ws/install/rover_interfaces/share/rover_interfaces/cmake/rover_interfaces__rosidl_typesupport_introspection_cppExport.cmake
-- Installing: /home/rafal/Robot_client/ros2_ws/install/rover_interfaces/share/rover_interfaces/cmake/rover_interfaces__rosidl_typesupport_introspection_cppExport-noconfig.cmake
-- Installing: /home/rafal/Robot_client/ros2_ws/install/rover_interfaces/share/rover_interfaces/cmake/rover_interfaces__rosidl_typesupport_cppExport.cmake
-- Installing: /home/rafal/Robot_client/ros2_ws/install/rover_interfaces/share/rover_interfaces/cmake/rover_interfaces__rosidl_typesupport_cppExport-noconfig.cmake
-- Installing: /home/rafal/Robot_client/ros2_ws/install/rover_interfaces/share/rover_interfaces/cmake/export_rover_interfaces__rosidl_generator_pyExport.cmake
-- Installing: /home/rafal/Robot_client/ros2_ws/install/rover_interfaces/share/rover_interfaces/cmake/export_rover_interfaces__rosidl_generator_pyExport-noconfig.cmake
-- Installing: /home/rafal/Robot_client/ros2_ws/install/rover_interfaces/share/rover_interfaces/cmake/rosidl_cmake-extras.cmake
-- Installing: /home/rafal/Robot_client/ros2_ws/install/rover_interfaces/share/rover_interfaces/cmake/ament_cmake_export_include_directories-extras.cmake
-- Installing: /home/rafal/Robot_client/ros2_ws/install/rover_interfaces/share/rover_interfaces/cmake/ament_cmake_export_libraries-extras.cmake
-- Installing: /home/rafal/Robot_client/ros2_ws/install/rover_interfaces/share/rover_interfaces/cmake/ament_cmake_export_targets-extras.cmake
-- Installing: /home/rafal/Robot_client/ros2_ws/install/rover_interfaces/share/rover_interfaces/cmake/rosidl_cmake_export_typesupport_targets-extras.cmake
-- Installing: /home/rafal/Robot_client/ros2_ws/install/rover_interfaces/share/rover_interfaces/cmake/ament_cmake_export_dependencies-extras.cmake
-- Installing: /home/rafal/Robot_client/ros2_ws/install/rover_interfaces/share/rover_interfaces/cmake/rosidl_cmake_export_typesupport_libraries-extras.cmake
-- Installing: /home/rafal/Robot_client/ros2_ws/install/rover_interfaces/share/rover_interfaces/cmake/rover_interfacesConfig.cmake
-- Installing: /home/rafal/Robot_client/ros2_ws/install/rover_interfaces/share/rover_interfaces/cmake/rover_interfacesConfig-version.cmake
-- Installing: /home/rafal/Robot_client/ros2_ws/install/rover_interfaces/share/rover_interfaces/package.xml
