[0.338s] Invoking command in '/home/rafal/Robot_client/ros2_ws/build/rover_interfaces': CMAKE_PREFIX_PATH=/home/rafal/Robot_client/ros2_ws/install/camera_sub_pkg:/opt/ros/humble /usr/bin/cmake /home/rafal/Robot_client/ros2_ws/src/rover_interfaces -DCMAKE_INSTALL_PREFIX=/home/rafal/Robot_client/ros2_ws/install/rover_interfaces
[0.413s] -- The C compiler identification is GNU 11.4.0
[0.478s] -- The CXX compiler identification is GNU 11.4.0
[0.486s] -- Detecting C compiler ABI info
[0.541s] -- Detecting C compiler ABI info - done
[0.549s] -- Check for working C compiler: /usr/bin/cc - skipped
[0.550s] -- Detecting C compile features
[0.551s] -- Detecting C compile features - done
[0.554s] -- Detecting CXX compiler ABI info
[0.615s] -- Detecting CXX compiler ABI info - done
[0.625s] -- Check for working CXX compiler: /usr/bin/c++ - skipped
[0.625s] -- Detecting CXX compile features
[0.625s] -- Detecting CXX compile features - done
[0.630s] -- Found ament_cmake: 1.3.6 (/opt/ros/humble/share/ament_cmake/cmake)
[0.781s] -- Found Python3: /usr/bin/python3.10 (found version "3.10.12") found components: Interpreter 
[0.864s] -- Found rosidl_default_generators: 1.2.0 (/opt/ros/humble/share/rosidl_default_generators/cmake)
[0.867s] -- Using all available rosidl_typesupport_c: rosidl_typesupport_fastrtps_c;rosidl_typesupport_introspection_c
[0.874s] -- Found rosidl_adapter: 3.1.5 (/opt/ros/humble/share/rosidl_adapter/cmake)
[0.917s] -- Using all available rosidl_typesupport_cpp: rosidl_typesupport_fastrtps_cpp;rosidl_typesupport_introspection_cpp
[1.158s] -- Found ament_cmake_ros: 0.10.0 (/opt/ros/humble/share/ament_cmake_ros/cmake)
[1.308s] -- Using all available rosidl_typesupport_c: rosidl_typesupport_fastrtps_c;rosidl_typesupport_introspection_c
[1.499s] -- Using all available rosidl_typesupport_cpp: rosidl_typesupport_fastrtps_cpp;rosidl_typesupport_introspection_cpp
[1.517s] -- Found PythonInterp: /usr/bin/python3 (found suitable version "3.10.12", minimum required is "3.6") 
[1.518s] -- Found python_cmake_module: 0.10.0 (/opt/ros/humble/share/python_cmake_module/cmake)
[1.540s] -- Found PythonLibs: /usr/lib/x86_64-linux-gnu/libpython3.10.so (found suitable version "3.10.12", minimum required is "3.5") 
[1.540s] -- Using PYTHON_EXECUTABLE: /usr/bin/python3
[1.540s] -- Using PYTHON_INCLUDE_DIRS: /usr/include/python3.10
[1.540s] -- Using PYTHON_LIBRARIES: /usr/lib/x86_64-linux-gnu/libpython3.10.so
[1.557s] -- Found PythonExtra: .so  
[1.589s] -- Configuring done
[1.609s] -- Generating done
[1.611s] -- Build files have been written to: /home/rafal/Robot_client/ros2_ws/build/rover_interfaces
[1.615s] Invoked command in '/home/rafal/Robot_client/ros2_ws/build/rover_interfaces' returned '0': CMAKE_PREFIX_PATH=/home/rafal/Robot_client/ros2_ws/install/camera_sub_pkg:/opt/ros/humble /usr/bin/cmake /home/rafal/Robot_client/ros2_ws/src/rover_interfaces -DCMAKE_INSTALL_PREFIX=/home/rafal/Robot_client/ros2_ws/install/rover_interfaces
[1.617s] Invoking command in '/home/rafal/Robot_client/ros2_ws/build/rover_interfaces': CMAKE_PREFIX_PATH=/home/rafal/Robot_client/ros2_ws/install/camera_sub_pkg:/opt/ros/humble /usr/bin/cmake --build /home/rafal/Robot_client/ros2_ws/build/rover_interfaces -- -j8 -l8
[1.646s] [  3%] [34m[1mGenerating C code for ROS interfaces[0m
[1.653s] [  6%] [34m[1mGenerating C++ code for ROS interfaces[0m
[1.659s] [  6%] Built target ament_cmake_python_copy_rover_interfaces
[1.885s] [  9%] [32mBuilding C object CMakeFiles/rover_interfaces__rosidl_generator_c.dir/rosidl_generator_c/rover_interfaces/msg/detail/motor_control__functions.c.o[0m
[1.891s] [  9%] Built target rover_interfaces__cpp
[1.896s] running egg_info
[1.897s] creating rover_interfaces.egg-info
[1.897s] writing rover_interfaces.egg-info/PKG-INFO
[1.897s] writing dependency_links to rover_interfaces.egg-info/dependency_links.txt
[1.898s] writing top-level names to rover_interfaces.egg-info/top_level.txt
[1.898s] writing manifest file 'rover_interfaces.egg-info/SOURCES.txt'
[1.898s] [ 12%] [34m[1mGenerating C++ type support dispatch for ROS interfaces[0m
[1.898s] [ 16%] [34m[1mGenerating C++ introspection for ROS interfaces[0m
[1.900s] [ 19%] [34m[1mGenerating C++ type support for eProsima Fast-RTPS[0m
[1.901s] reading manifest file 'rover_interfaces.egg-info/SOURCES.txt'
[1.901s] writing manifest file 'rover_interfaces.egg-info/SOURCES.txt'
[1.928s] [ 19%] Built target ament_cmake_python_build_rover_interfaces_egg
[1.938s] [ 22%] [32m[1mLinking C shared library librover_interfaces__rosidl_generator_c.so[0m
[1.966s] [ 22%] Built target rover_interfaces__rosidl_generator_c
[1.976s] [ 32%] [34m[1mGenerating C introspection for ROS interfaces[0m
[1.976s] [ 29%] [34m[1mGenerating C type support for eProsima Fast-RTPS[0m
[1.976s] [ 32%] [34m[1mGenerating C type support dispatch for ROS interfaces[0m
[2.103s] [ 35%] [32mBuilding CXX object CMakeFiles/rover_interfaces__rosidl_typesupport_cpp.dir/rosidl_typesupport_cpp/rover_interfaces/msg/motor_control__type_support.cpp.o[0m
[2.179s] [ 38%] [32mBuilding CXX object CMakeFiles/rover_interfaces__rosidl_typesupport_introspection_cpp.dir/rosidl_typesupport_introspection_cpp/rover_interfaces/msg/detail/motor_control__type_support.cpp.o[0m
[2.190s] [ 41%] [32mBuilding CXX object CMakeFiles/rover_interfaces__rosidl_typesupport_c.dir/rosidl_typesupport_c/rover_interfaces/msg/motor_control__type_support.cpp.o[0m
[2.226s] [ 45%] [32m[1mLinking CXX shared library librover_interfaces__rosidl_typesupport_c.so[0m
[2.237s] [ 48%] [32mBuilding CXX object CMakeFiles/rover_interfaces__rosidl_typesupport_fastrtps_cpp.dir/rosidl_typesupport_fastrtps_cpp/rover_interfaces/msg/detail/dds_fastrtps/motor_control__type_support.cpp.o[0m
[2.265s] [ 51%] [32mBuilding C object CMakeFiles/rover_interfaces__rosidl_typesupport_introspection_c.dir/rosidl_typesupport_introspection_c/rover_interfaces/msg/detail/motor_control__type_support.c.o[0m
[2.274s] [ 51%] Built target rover_interfaces__rosidl_typesupport_c
[2.291s] [ 54%] [32m[1mLinking C shared library librover_interfaces__rosidl_typesupport_introspection_c.so[0m
[2.312s] [ 58%] [32mBuilding CXX object CMakeFiles/rover_interfaces__rosidl_typesupport_fastrtps_c.dir/rosidl_typesupport_fastrtps_c/rover_interfaces/msg/detail/motor_control__type_support_c.cpp.o[0m
[2.314s] [ 58%] Built target rover_interfaces__rosidl_typesupport_introspection_c
[2.385s] [ 61%] [32m[1mLinking CXX shared library librover_interfaces__rosidl_typesupport_cpp.so[0m
[2.420s] [ 61%] Built target rover_interfaces__rosidl_typesupport_cpp
[2.581s] [ 64%] [32m[1mLinking CXX shared library librover_interfaces__rosidl_typesupport_introspection_cpp.so[0m
[2.642s] [ 67%] [32m[1mLinking CXX shared library librover_interfaces__rosidl_typesupport_fastrtps_c.so[0m
[2.649s] [ 67%] Built target rover_interfaces__rosidl_typesupport_introspection_cpp
[2.677s] [ 70%] [32m[1mLinking CXX shared library librover_interfaces__rosidl_typesupport_fastrtps_cpp.so[0m
[2.702s] [ 70%] Built target rover_interfaces__rosidl_typesupport_fastrtps_c
[2.733s] [ 70%] Built target rover_interfaces__rosidl_typesupport_fastrtps_cpp
[2.747s] [ 70%] Built target rover_interfaces
[2.762s] [ 74%] [34m[1mGenerating Python code for ROS interfaces[0m
[3.014s] [ 74%] Built target rover_interfaces__py
[3.028s] [ 77%] [32mBuilding C object CMakeFiles/rover_interfaces__rosidl_generator_py.dir/rosidl_generator_py/rover_interfaces/msg/_motor_control_s.c.o[0m
[3.118s] [ 80%] [32m[1mLinking C shared library rosidl_generator_py/rover_interfaces/librover_interfaces__rosidl_generator_py.so[0m
[3.145s] [ 80%] Built target rover_interfaces__rosidl_generator_py
[3.160s] [ 90%] [32mBuilding C object CMakeFiles/rover_interfaces__rosidl_typesupport_c__pyext.dir/rosidl_generator_py/rover_interfaces/_rover_interfaces_s.ep.rosidl_typesupport_c.c.o[0m
[3.161s] [ 90%] [32mBuilding C object CMakeFiles/rover_interfaces__rosidl_typesupport_fastrtps_c__pyext.dir/rosidl_generator_py/rover_interfaces/_rover_interfaces_s.ep.rosidl_typesupport_fastrtps_c.c.o[0m
[3.161s] [ 90%] [32mBuilding C object CMakeFiles/rover_interfaces__rosidl_typesupport_introspection_c__pyext.dir/rosidl_generator_py/rover_interfaces/_rover_interfaces_s.ep.rosidl_typesupport_introspection_c.c.o[0m
[3.231s] [ 96%] [32m[1mLinking C shared library rosidl_generator_py/rover_interfaces/rover_interfaces_s__rosidl_typesupport_introspection_c.cpython-310-x86_64-linux-gnu.so[0m
[3.232s] [ 96%] [32m[1mLinking C shared library rosidl_generator_py/rover_interfaces/rover_interfaces_s__rosidl_typesupport_c.cpython-310-x86_64-linux-gnu.so[0m
[3.233s] [100%] [32m[1mLinking C shared library rosidl_generator_py/rover_interfaces/rover_interfaces_s__rosidl_typesupport_fastrtps_c.cpython-310-x86_64-linux-gnu.so[0m
[3.256s] [100%] Built target rover_interfaces__rosidl_typesupport_c__pyext
[3.256s] [100%] Built target rover_interfaces__rosidl_typesupport_introspection_c__pyext
[3.258s] [100%] Built target rover_interfaces__rosidl_typesupport_fastrtps_c__pyext
[3.266s] Invoked command in '/home/rafal/Robot_client/ros2_ws/build/rover_interfaces' returned '0': CMAKE_PREFIX_PATH=/home/rafal/Robot_client/ros2_ws/install/camera_sub_pkg:/opt/ros/humble /usr/bin/cmake --build /home/rafal/Robot_client/ros2_ws/build/rover_interfaces -- -j8 -l8
[3.311s] Invoking command in '/home/rafal/Robot_client/ros2_ws/build/rover_interfaces': CMAKE_PREFIX_PATH=/home/rafal/Robot_client/ros2_ws/install/camera_sub_pkg:/opt/ros/humble /usr/bin/cmake --install /home/rafal/Robot_client/ros2_ws/build/rover_interfaces
[3.317s] -- Install configuration: ""
[3.317s] -- Installing: /home/rafal/Robot_client/ros2_ws/install/rover_interfaces/share/ament_index/resource_index/rosidl_interfaces/rover_interfaces
[3.317s] -- Installing: /home/rafal/Robot_client/ros2_ws/install/rover_interfaces/include/rover_interfaces/rover_interfaces
[3.318s] -- Installing: /home/rafal/Robot_client/ros2_ws/install/rover_interfaces/include/rover_interfaces/rover_interfaces/msg
[3.318s] -- Installing: /home/rafal/Robot_client/ros2_ws/install/rover_interfaces/include/rover_interfaces/rover_interfaces/msg/motor_control.h
[3.318s] -- Installing: /home/rafal/Robot_client/ros2_ws/install/rover_interfaces/include/rover_interfaces/rover_interfaces/msg/rosidl_generator_c__visibility_control.h
[3.318s] -- Installing: /home/rafal/Robot_client/ros2_ws/install/rover_interfaces/include/rover_interfaces/rover_interfaces/msg/detail
[3.318s] -- Installing: /home/rafal/Robot_client/ros2_ws/install/rover_interfaces/include/rover_interfaces/rover_interfaces/msg/detail/motor_control__functions.c
[3.318s] -- Installing: /home/rafal/Robot_client/ros2_ws/install/rover_interfaces/include/rover_interfaces/rover_interfaces/msg/detail/motor_control__struct.h
[3.318s] -- Installing: /home/rafal/Robot_client/ros2_ws/install/rover_interfaces/include/rover_interfaces/rover_interfaces/msg/detail/motor_control__type_support.h
[3.318s] -- Installing: /home/rafal/Robot_client/ros2_ws/install/rover_interfaces/include/rover_interfaces/rover_interfaces/msg/detail/motor_control__functions.h
[3.318s] -- Installing: /home/rafal/Robot_client/ros2_ws/install/rover_interfaces/share/rover_interfaces/environment/library_path.sh
[3.318s] -- Installing: /home/rafal/Robot_client/ros2_ws/install/rover_interfaces/share/rover_interfaces/environment/library_path.dsv
[3.318s] -- Installing: /home/rafal/Robot_client/ros2_ws/install/rover_interfaces/lib/librover_interfaces__rosidl_generator_c.so
[3.318s] -- Set runtime path of "/home/rafal/Robot_client/ros2_ws/install/rover_interfaces/lib/librover_interfaces__rosidl_generator_c.so" to ""
[3.319s] -- Up-to-date: /home/rafal/Robot_client/ros2_ws/install/rover_interfaces/include/rover_interfaces/rover_interfaces
[3.319s] -- Up-to-date: /home/rafal/Robot_client/ros2_ws/install/rover_interfaces/include/rover_interfaces/rover_interfaces/msg
[3.319s] -- Installing: /home/rafal/Robot_client/ros2_ws/install/rover_interfaces/include/rover_interfaces/rover_interfaces/msg/rosidl_typesupport_fastrtps_c__visibility_control.h
[3.319s] -- Up-to-date: /home/rafal/Robot_client/ros2_ws/install/rover_interfaces/include/rover_interfaces/rover_interfaces/msg/detail
[3.319s] -- Installing: /home/rafal/Robot_client/ros2_ws/install/rover_interfaces/include/rover_interfaces/rover_interfaces/msg/detail/motor_control__rosidl_typesupport_fastrtps_c.h
[3.319s] -- Installing: /home/rafal/Robot_client/ros2_ws/install/rover_interfaces/lib/librover_interfaces__rosidl_typesupport_fastrtps_c.so
[3.319s] -- Set runtime path of "/home/rafal/Robot_client/ros2_ws/install/rover_interfaces/lib/librover_interfaces__rosidl_typesupport_fastrtps_c.so" to ""
[3.319s] -- Up-to-date: /home/rafal/Robot_client/ros2_ws/install/rover_interfaces/include/rover_interfaces/rover_interfaces
[3.319s] -- Up-to-date: /home/rafal/Robot_client/ros2_ws/install/rover_interfaces/include/rover_interfaces/rover_interfaces/msg
[3.319s] -- Installing: /home/rafal/Robot_client/ros2_ws/install/rover_interfaces/include/rover_interfaces/rover_interfaces/msg/rosidl_typesupport_introspection_c__visibility_control.h
[3.319s] -- Up-to-date: /home/rafal/Robot_client/ros2_ws/install/rover_interfaces/include/rover_interfaces/rover_interfaces/msg/detail
[3.319s] -- Installing: /home/rafal/Robot_client/ros2_ws/install/rover_interfaces/include/rover_interfaces/rover_interfaces/msg/detail/motor_control__type_support.c
[3.319s] -- Installing: /home/rafal/Robot_client/ros2_ws/install/rover_interfaces/include/rover_interfaces/rover_interfaces/msg/detail/motor_control__rosidl_typesupport_introspection_c.h
[3.319s] -- Installing: /home/rafal/Robot_client/ros2_ws/install/rover_interfaces/lib/librover_interfaces__rosidl_typesupport_introspection_c.so
[3.320s] -- Set runtime path of "/home/rafal/Robot_client/ros2_ws/install/rover_interfaces/lib/librover_interfaces__rosidl_typesupport_introspection_c.so" to ""
[3.320s] -- Installing: /home/rafal/Robot_client/ros2_ws/install/rover_interfaces/lib/librover_interfaces__rosidl_typesupport_c.so
[3.320s] -- Set runtime path of "/home/rafal/Robot_client/ros2_ws/install/rover_interfaces/lib/librover_interfaces__rosidl_typesupport_c.so" to ""
[3.320s] -- Up-to-date: /home/rafal/Robot_client/ros2_ws/install/rover_interfaces/include/rover_interfaces/rover_interfaces
[3.320s] -- Up-to-date: /home/rafal/Robot_client/ros2_ws/install/rover_interfaces/include/rover_interfaces/rover_interfaces/msg
[3.320s] -- Installing: /home/rafal/Robot_client/ros2_ws/install/rover_interfaces/include/rover_interfaces/rover_interfaces/msg/motor_control.hpp
[3.320s] -- Up-to-date: /home/rafal/Robot_client/ros2_ws/install/rover_interfaces/include/rover_interfaces/rover_interfaces/msg/detail
[3.320s] -- Installing: /home/rafal/Robot_client/ros2_ws/install/rover_interfaces/include/rover_interfaces/rover_interfaces/msg/detail/motor_control__builder.hpp
[3.320s] -- Installing: /home/rafal/Robot_client/ros2_ws/install/rover_interfaces/include/rover_interfaces/rover_interfaces/msg/detail/motor_control__traits.hpp
[3.320s] -- Installing: /home/rafal/Robot_client/ros2_ws/install/rover_interfaces/include/rover_interfaces/rover_interfaces/msg/detail/motor_control__struct.hpp
[3.320s] -- Up-to-date: /home/rafal/Robot_client/ros2_ws/install/rover_interfaces/include/rover_interfaces/rover_interfaces
[3.320s] -- Up-to-date: /home/rafal/Robot_client/ros2_ws/install/rover_interfaces/include/rover_interfaces/rover_interfaces/msg
[3.320s] -- Installing: /home/rafal/Robot_client/ros2_ws/install/rover_interfaces/include/rover_interfaces/rover_interfaces/msg/rosidl_typesupport_fastrtps_cpp__visibility_control.h
[3.321s] -- Up-to-date: /home/rafal/Robot_client/ros2_ws/install/rover_interfaces/include/rover_interfaces/rover_interfaces/msg/detail
[3.321s] -- Installing: /home/rafal/Robot_client/ros2_ws/install/rover_interfaces/include/rover_interfaces/rover_interfaces/msg/detail/dds_fastrtps
[3.321s] -- Installing: /home/rafal/Robot_client/ros2_ws/install/rover_interfaces/include/rover_interfaces/rover_interfaces/msg/detail/motor_control__rosidl_typesupport_fastrtps_cpp.hpp
[3.321s] -- Installing: /home/rafal/Robot_client/ros2_ws/install/rover_interfaces/lib/librover_interfaces__rosidl_typesupport_fastrtps_cpp.so
[3.321s] -- Set runtime path of "/home/rafal/Robot_client/ros2_ws/install/rover_interfaces/lib/librover_interfaces__rosidl_typesupport_fastrtps_cpp.so" to ""
[3.321s] -- Up-to-date: /home/rafal/Robot_client/ros2_ws/install/rover_interfaces/include/rover_interfaces/rover_interfaces
[3.321s] -- Up-to-date: /home/rafal/Robot_client/ros2_ws/install/rover_interfaces/include/rover_interfaces/rover_interfaces/msg
[3.321s] -- Up-to-date: /home/rafal/Robot_client/ros2_ws/install/rover_interfaces/include/rover_interfaces/rover_interfaces/msg/detail
[3.321s] -- Installing: /home/rafal/Robot_client/ros2_ws/install/rover_interfaces/include/rover_interfaces/rover_interfaces/msg/detail/motor_control__type_support.cpp
[3.321s] -- Installing: /home/rafal/Robot_client/ros2_ws/install/rover_interfaces/include/rover_interfaces/rover_interfaces/msg/detail/motor_control__rosidl_typesupport_introspection_cpp.hpp
[3.321s] -- Installing: /home/rafal/Robot_client/ros2_ws/install/rover_interfaces/lib/librover_interfaces__rosidl_typesupport_introspection_cpp.so
[3.321s] -- Set runtime path of "/home/rafal/Robot_client/ros2_ws/install/rover_interfaces/lib/librover_interfaces__rosidl_typesupport_introspection_cpp.so" to ""
[3.321s] -- Installing: /home/rafal/Robot_client/ros2_ws/install/rover_interfaces/lib/librover_interfaces__rosidl_typesupport_cpp.so
[3.321s] -- Set runtime path of "/home/rafal/Robot_client/ros2_ws/install/rover_interfaces/lib/librover_interfaces__rosidl_typesupport_cpp.so" to ""
[3.322s] -- Installing: /home/rafal/Robot_client/ros2_ws/install/rover_interfaces/share/rover_interfaces/environment/pythonpath.sh
[3.322s] -- Installing: /home/rafal/Robot_client/ros2_ws/install/rover_interfaces/share/rover_interfaces/environment/pythonpath.dsv
[3.322s] -- Installing: /home/rafal/Robot_client/ros2_ws/install/rover_interfaces/local/lib/python3.10/dist-packages/rover_interfaces-0.0.0-py3.10.egg-info
[3.322s] -- Installing: /home/rafal/Robot_client/ros2_ws/install/rover_interfaces/local/lib/python3.10/dist-packages/rover_interfaces-0.0.0-py3.10.egg-info/top_level.txt
[3.322s] -- Installing: /home/rafal/Robot_client/ros2_ws/install/rover_interfaces/local/lib/python3.10/dist-packages/rover_interfaces-0.0.0-py3.10.egg-info/PKG-INFO
[3.322s] -- Installing: /home/rafal/Robot_client/ros2_ws/install/rover_interfaces/local/lib/python3.10/dist-packages/rover_interfaces-0.0.0-py3.10.egg-info/SOURCES.txt
[3.322s] -- Installing: /home/rafal/Robot_client/ros2_ws/install/rover_interfaces/local/lib/python3.10/dist-packages/rover_interfaces-0.0.0-py3.10.egg-info/dependency_links.txt
[3.322s] -- Installing: /home/rafal/Robot_client/ros2_ws/install/rover_interfaces/local/lib/python3.10/dist-packages/rover_interfaces
[3.322s] -- Installing: /home/rafal/Robot_client/ros2_ws/install/rover_interfaces/local/lib/python3.10/dist-packages/rover_interfaces/msg
[3.322s] -- Installing: /home/rafal/Robot_client/ros2_ws/install/rover_interfaces/local/lib/python3.10/dist-packages/rover_interfaces/msg/__init__.py
[3.322s] -- Installing: /home/rafal/Robot_client/ros2_ws/install/rover_interfaces/local/lib/python3.10/dist-packages/rover_interfaces/msg/_motor_control_s.c
[3.323s] -- Installing: /home/rafal/Robot_client/ros2_ws/install/rover_interfaces/local/lib/python3.10/dist-packages/rover_interfaces/msg/_motor_control.py
[3.323s] -- Installing: /home/rafal/Robot_client/ros2_ws/install/rover_interfaces/local/lib/python3.10/dist-packages/rover_interfaces/__init__.py
[3.323s] -- Installing: /home/rafal/Robot_client/ros2_ws/install/rover_interfaces/local/lib/python3.10/dist-packages/rover_interfaces/_rover_interfaces_s.ep.rosidl_typesupport_introspection_c.c
[3.323s] -- Installing: /home/rafal/Robot_client/ros2_ws/install/rover_interfaces/local/lib/python3.10/dist-packages/rover_interfaces/rover_interfaces_s__rosidl_typesupport_fastrtps_c.cpython-310-x86_64-linux-gnu.so
[3.323s] -- Installing: /home/rafal/Robot_client/ros2_ws/install/rover_interfaces/local/lib/python3.10/dist-packages/rover_interfaces/_rover_interfaces_s.ep.rosidl_typesupport_c.c
[3.323s] -- Installing: /home/rafal/Robot_client/ros2_ws/install/rover_interfaces/local/lib/python3.10/dist-packages/rover_interfaces/rover_interfaces_s__rosidl_typesupport_c.cpython-310-x86_64-linux-gnu.so
[3.323s] -- Installing: /home/rafal/Robot_client/ros2_ws/install/rover_interfaces/local/lib/python3.10/dist-packages/rover_interfaces/librover_interfaces__rosidl_generator_py.so
[3.323s] -- Installing: /home/rafal/Robot_client/ros2_ws/install/rover_interfaces/local/lib/python3.10/dist-packages/rover_interfaces/_rover_interfaces_s.ep.rosidl_typesupport_fastrtps_c.c
[3.323s] -- Installing: /home/rafal/Robot_client/ros2_ws/install/rover_interfaces/local/lib/python3.10/dist-packages/rover_interfaces/rover_interfaces_s__rosidl_typesupport_introspection_c.cpython-310-x86_64-linux-gnu.so
[3.349s] Listing '/home/rafal/Robot_client/ros2_ws/install/rover_interfaces/local/lib/python3.10/dist-packages/rover_interfaces'...
[3.349s] Compiling '/home/rafal/Robot_client/ros2_ws/install/rover_interfaces/local/lib/python3.10/dist-packages/rover_interfaces/__init__.py'...
[3.349s] Listing '/home/rafal/Robot_client/ros2_ws/install/rover_interfaces/local/lib/python3.10/dist-packages/rover_interfaces/msg'...
[3.349s] Compiling '/home/rafal/Robot_client/ros2_ws/install/rover_interfaces/local/lib/python3.10/dist-packages/rover_interfaces/msg/__init__.py'...
[3.349s] Compiling '/home/rafal/Robot_client/ros2_ws/install/rover_interfaces/local/lib/python3.10/dist-packages/rover_interfaces/msg/_motor_control.py'...
[3.353s] -- Installing: /home/rafal/Robot_client/ros2_ws/install/rover_interfaces/local/lib/python3.10/dist-packages/rover_interfaces/rover_interfaces_s__rosidl_typesupport_fastrtps_c.cpython-310-x86_64-linux-gnu.so
[3.353s] -- Set runtime path of "/home/rafal/Robot_client/ros2_ws/install/rover_interfaces/local/lib/python3.10/dist-packages/rover_interfaces/rover_interfaces_s__rosidl_typesupport_fastrtps_c.cpython-310-x86_64-linux-gnu.so" to ""
[3.353s] -- Installing: /home/rafal/Robot_client/ros2_ws/install/rover_interfaces/local/lib/python3.10/dist-packages/rover_interfaces/rover_interfaces_s__rosidl_typesupport_introspection_c.cpython-310-x86_64-linux-gnu.so
[3.354s] -- Set runtime path of "/home/rafal/Robot_client/ros2_ws/install/rover_interfaces/local/lib/python3.10/dist-packages/rover_interfaces/rover_interfaces_s__rosidl_typesupport_introspection_c.cpython-310-x86_64-linux-gnu.so" to ""
[3.354s] -- Installing: /home/rafal/Robot_client/ros2_ws/install/rover_interfaces/local/lib/python3.10/dist-packages/rover_interfaces/rover_interfaces_s__rosidl_typesupport_c.cpython-310-x86_64-linux-gnu.so
[3.354s] -- Set runtime path of "/home/rafal/Robot_client/ros2_ws/install/rover_interfaces/local/lib/python3.10/dist-packages/rover_interfaces/rover_interfaces_s__rosidl_typesupport_c.cpython-310-x86_64-linux-gnu.so" to ""
[3.354s] -- Installing: /home/rafal/Robot_client/ros2_ws/install/rover_interfaces/lib/librover_interfaces__rosidl_generator_py.so
[3.354s] -- Set runtime path of "/home/rafal/Robot_client/ros2_ws/install/rover_interfaces/lib/librover_interfaces__rosidl_generator_py.so" to ""
[3.354s] -- Installing: /home/rafal/Robot_client/ros2_ws/install/rover_interfaces/share/rover_interfaces/msg/MotorControl.idl
[3.354s] -- Installing: /home/rafal/Robot_client/ros2_ws/install/rover_interfaces/share/rover_interfaces/msg/MotorControl.msg
[3.354s] -- Installing: /home/rafal/Robot_client/ros2_ws/install/rover_interfaces/share/ament_index/resource_index/package_run_dependencies/rover_interfaces
[3.354s] -- Installing: /home/rafal/Robot_client/ros2_ws/install/rover_interfaces/share/ament_index/resource_index/parent_prefix_path/rover_interfaces
[3.355s] -- Installing: /home/rafal/Robot_client/ros2_ws/install/rover_interfaces/share/rover_interfaces/environment/ament_prefix_path.sh
[3.355s] -- Installing: /home/rafal/Robot_client/ros2_ws/install/rover_interfaces/share/rover_interfaces/environment/ament_prefix_path.dsv
[3.355s] -- Installing: /home/rafal/Robot_client/ros2_ws/install/rover_interfaces/share/rover_interfaces/environment/path.sh
[3.355s] -- Installing: /home/rafal/Robot_client/ros2_ws/install/rover_interfaces/share/rover_interfaces/environment/path.dsv
[3.355s] -- Installing: /home/rafal/Robot_client/ros2_ws/install/rover_interfaces/share/rover_interfaces/local_setup.bash
[3.355s] -- Installing: /home/rafal/Robot_client/ros2_ws/install/rover_interfaces/share/rover_interfaces/local_setup.sh
[3.355s] -- Installing: /home/rafal/Robot_client/ros2_ws/install/rover_interfaces/share/rover_interfaces/local_setup.zsh
[3.355s] -- Installing: /home/rafal/Robot_client/ros2_ws/install/rover_interfaces/share/rover_interfaces/local_setup.dsv
[3.355s] -- Installing: /home/rafal/Robot_client/ros2_ws/install/rover_interfaces/share/rover_interfaces/package.dsv
[3.355s] -- Installing: /home/rafal/Robot_client/ros2_ws/install/rover_interfaces/share/ament_index/resource_index/packages/rover_interfaces
[3.355s] -- Installing: /home/rafal/Robot_client/ros2_ws/install/rover_interfaces/share/rover_interfaces/cmake/export_rover_interfaces__rosidl_generator_cExport.cmake
[3.355s] -- Installing: /home/rafal/Robot_client/ros2_ws/install/rover_interfaces/share/rover_interfaces/cmake/export_rover_interfaces__rosidl_generator_cExport-noconfig.cmake
[3.356s] -- Installing: /home/rafal/Robot_client/ros2_ws/install/rover_interfaces/share/rover_interfaces/cmake/export_rover_interfaces__rosidl_typesupport_fastrtps_cExport.cmake
[3.356s] -- Installing: /home/rafal/Robot_client/ros2_ws/install/rover_interfaces/share/rover_interfaces/cmake/export_rover_interfaces__rosidl_typesupport_fastrtps_cExport-noconfig.cmake
[3.356s] -- Installing: /home/rafal/Robot_client/ros2_ws/install/rover_interfaces/share/rover_interfaces/cmake/rover_interfaces__rosidl_typesupport_introspection_cExport.cmake
[3.356s] -- Installing: /home/rafal/Robot_client/ros2_ws/install/rover_interfaces/share/rover_interfaces/cmake/rover_interfaces__rosidl_typesupport_introspection_cExport-noconfig.cmake
[3.356s] -- Installing: /home/rafal/Robot_client/ros2_ws/install/rover_interfaces/share/rover_interfaces/cmake/rover_interfaces__rosidl_typesupport_cExport.cmake
[3.356s] -- Installing: /home/rafal/Robot_client/ros2_ws/install/rover_interfaces/share/rover_interfaces/cmake/rover_interfaces__rosidl_typesupport_cExport-noconfig.cmake
[3.356s] -- Installing: /home/rafal/Robot_client/ros2_ws/install/rover_interfaces/share/rover_interfaces/cmake/export_rover_interfaces__rosidl_generator_cppExport.cmake
[3.356s] -- Installing: /home/rafal/Robot_client/ros2_ws/install/rover_interfaces/share/rover_interfaces/cmake/export_rover_interfaces__rosidl_typesupport_fastrtps_cppExport.cmake
[3.356s] -- Installing: /home/rafal/Robot_client/ros2_ws/install/rover_interfaces/share/rover_interfaces/cmake/export_rover_interfaces__rosidl_typesupport_fastrtps_cppExport-noconfig.cmake
[3.356s] -- Installing: /home/rafal/Robot_client/ros2_ws/install/rover_interfaces/share/rover_interfaces/cmake/rover_interfaces__rosidl_typesupport_introspection_cppExport.cmake
[3.356s] -- Installing: /home/rafal/Robot_client/ros2_ws/install/rover_interfaces/share/rover_interfaces/cmake/rover_interfaces__rosidl_typesupport_introspection_cppExport-noconfig.cmake
[3.357s] -- Installing: /home/rafal/Robot_client/ros2_ws/install/rover_interfaces/share/rover_interfaces/cmake/rover_interfaces__rosidl_typesupport_cppExport.cmake
[3.357s] -- Installing: /home/rafal/Robot_client/ros2_ws/install/rover_interfaces/share/rover_interfaces/cmake/rover_interfaces__rosidl_typesupport_cppExport-noconfig.cmake
[3.357s] -- Installing: /home/rafal/Robot_client/ros2_ws/install/rover_interfaces/share/rover_interfaces/cmake/export_rover_interfaces__rosidl_generator_pyExport.cmake
[3.357s] -- Installing: /home/rafal/Robot_client/ros2_ws/install/rover_interfaces/share/rover_interfaces/cmake/export_rover_interfaces__rosidl_generator_pyExport-noconfig.cmake
[3.357s] -- Installing: /home/rafal/Robot_client/ros2_ws/install/rover_interfaces/share/rover_interfaces/cmake/rosidl_cmake-extras.cmake
[3.357s] -- Installing: /home/rafal/Robot_client/ros2_ws/install/rover_interfaces/share/rover_interfaces/cmake/ament_cmake_export_include_directories-extras.cmake
[3.357s] -- Installing: /home/rafal/Robot_client/ros2_ws/install/rover_interfaces/share/rover_interfaces/cmake/ament_cmake_export_libraries-extras.cmake
[3.357s] -- Installing: /home/rafal/Robot_client/ros2_ws/install/rover_interfaces/share/rover_interfaces/cmake/ament_cmake_export_targets-extras.cmake
[3.357s] -- Installing: /home/rafal/Robot_client/ros2_ws/install/rover_interfaces/share/rover_interfaces/cmake/rosidl_cmake_export_typesupport_targets-extras.cmake
[3.357s] -- Installing: /home/rafal/Robot_client/ros2_ws/install/rover_interfaces/share/rover_interfaces/cmake/ament_cmake_export_dependencies-extras.cmake
[3.357s] -- Installing: /home/rafal/Robot_client/ros2_ws/install/rover_interfaces/share/rover_interfaces/cmake/rosidl_cmake_export_typesupport_libraries-extras.cmake
[3.357s] -- Installing: /home/rafal/Robot_client/ros2_ws/install/rover_interfaces/share/rover_interfaces/cmake/rover_interfacesConfig.cmake
[3.358s] -- Installing: /home/rafal/Robot_client/ros2_ws/install/rover_interfaces/share/rover_interfaces/cmake/rover_interfacesConfig-version.cmake
[3.358s] -- Installing: /home/rafal/Robot_client/ros2_ws/install/rover_interfaces/share/rover_interfaces/package.xml
[3.359s] Invoked command in '/home/rafal/Robot_client/ros2_ws/build/rover_interfaces' returned '0': CMAKE_PREFIX_PATH=/home/rafal/Robot_client/ros2_ws/install/camera_sub_pkg:/opt/ros/humble /usr/bin/cmake --install /home/rafal/Robot_client/ros2_ws/build/rover_interfaces
