running develop
running egg_info
creating camera_sub_pkg.egg-info
writing camera_sub_pkg.egg-info/PKG-INFO
writing dependency_links to camera_sub_pkg.egg-info/dependency_links.txt
writing entry points to camera_sub_pkg.egg-info/entry_points.txt
writing requirements to camera_sub_pkg.egg-info/requires.txt
writing top-level names to camera_sub_pkg.egg-info/top_level.txt
writing manifest file 'camera_sub_pkg.egg-info/SOURCES.txt'
reading manifest file 'camera_sub_pkg.egg-info/SOURCES.txt'
writing manifest file 'camera_sub_pkg.egg-info/SOURCES.txt'
running build_ext
Creating /home/rafal/Robot_client/ros2_ws/install/camera_sub_pkg/lib/python3.10/site-packages/camera-sub-pkg.egg-link (link to .)
Installing camera_subscriber script to /home/rafal/Robot_client/ros2_ws/install/camera_sub_pkg/lib/camera_sub_pkg

Installed /home/rafal/Robot_client/ros2_ws/build/camera_sub_pkg
running install_data
creating /home/rafal/Robot_client/ros2_ws/install/camera_sub_pkg/share/ament_index
creating /home/rafal/Robot_client/ros2_ws/install/camera_sub_pkg/share/ament_index/resource_index
creating /home/rafal/Robot_client/ros2_ws/install/camera_sub_pkg/share/ament_index/resource_index/packages
copying resource/camera_sub_pkg -> /home/rafal/Robot_client/ros2_ws/install/camera_sub_pkg/share/ament_index/resource_index/packages
copying package.xml -> /home/rafal/Robot_client/ros2_ws/install/camera_sub_pkg/share/camera_sub_pkg
