[0.844s] DEBUG:colcon:Command line arguments: ['/usr/bin/colcon', 'build']
[0.844s] DEBUG:colcon:Parsed command line arguments: Namespace(log_base=None, log_level=None, verb_name='build', build_base='build', install_base='install', merge_install=False, symlink_install=False, test_result_base=None, continue_on_error=False, executor='parallel', parallel_workers=8, event_handlers=None, ignore_user_meta=False, metas=['./colcon.meta'], base_paths=['.'], packages_ignore=None, packages_ignore_regex=None, paths=None, packages_up_to=None, packages_up_to_regex=None, packages_above=None, packages_above_and_dependencies=None, packages_above_depth=None, packages_select_by_dep=None, packages_skip_by_dep=None, packages_skip_up_to=None, packages_select_build_failed=False, packages_skip_build_finished=False, packages_select_test_failures=False, packages_skip_test_passed=False, packages_select=None, packages_skip=None, packages_select_regex=None, packages_skip_regex=None, packages_start=None, packages_end=None, allow_overriding=[], cmake_args=None, cmake_target=None, cmake_target_skip_unavailable=False, cmake_clean_cache=False, cmake_clean_first=False, cmake_force_configure=False, ament_cmake_args=None, catkin_cmake_args=None, catkin_skip_building_tests=False, verb_parser=<colcon_defaults.argument_parser.defaults.DefaultArgumentsDecorator object at 0x7f64cf1e67a0>, verb_extension=<colcon_core.verb.build.BuildVerb object at 0x7f64cf4186d0>, main=<bound method BuildVerb.main of <colcon_core.verb.build.BuildVerb object at 0x7f64cf4186d0>>)
[0.881s] Level 1:colcon.colcon_core.package_discovery:discover_packages(colcon_meta) check parameters
[0.882s] Level 1:colcon.colcon_core.package_discovery:discover_packages(recursive) check parameters
[0.882s] Level 1:colcon.colcon_core.package_discovery:discover_packages(ignore) check parameters
[0.882s] Level 1:colcon.colcon_core.package_discovery:discover_packages(path) check parameters
[0.882s] Level 1:colcon.colcon_core.package_discovery:discover_packages(colcon_meta) discover
[0.882s] Level 1:colcon.colcon_core.package_discovery:discover_packages(recursive) discover
[0.882s] INFO:colcon.colcon_core.package_discovery:Crawling recursively for packages in '/home/rafal/Robot_client/ros2_ws'
[0.882s] Level 1:colcon.colcon_core.package_identification:_identify(.) by extensions ['ignore', 'ignore_ament_install']
[0.882s] Level 1:colcon.colcon_core.package_identification:_identify(.) by extension 'ignore'
[0.882s] Level 1:colcon.colcon_core.package_identification:_identify(.) by extension 'ignore_ament_install'
[0.882s] Level 1:colcon.colcon_core.package_identification:_identify(.) by extensions ['colcon_pkg']
[0.882s] Level 1:colcon.colcon_core.package_identification:_identify(.) by extension 'colcon_pkg'
[0.882s] Level 1:colcon.colcon_core.package_identification:_identify(.) by extensions ['colcon_meta']
[0.882s] Level 1:colcon.colcon_core.package_identification:_identify(.) by extension 'colcon_meta'
[0.882s] Level 1:colcon.colcon_core.package_identification:_identify(.) by extensions ['ros']
[0.882s] Level 1:colcon.colcon_core.package_identification:_identify(.) by extension 'ros'
[0.891s] Level 1:colcon.colcon_core.package_identification:_identify(.) by extensions ['cmake', 'python']
[0.891s] Level 1:colcon.colcon_core.package_identification:_identify(.) by extension 'cmake'
[0.891s] Level 1:colcon.colcon_core.package_identification:_identify(.) by extension 'python'
[0.892s] Level 1:colcon.colcon_core.package_identification:_identify(.) by extensions ['python_setup_py']
[0.892s] Level 1:colcon.colcon_core.package_identification:_identify(.) by extension 'python_setup_py'
[0.892s] Level 1:colcon.colcon_core.package_identification:_identify(build) by extensions ['ignore', 'ignore_ament_install']
[0.892s] Level 1:colcon.colcon_core.package_identification:_identify(build) by extension 'ignore'
[0.892s] Level 1:colcon.colcon_core.package_identification:_identify(build) ignored
[0.892s] Level 1:colcon.colcon_core.package_identification:_identify(install) by extensions ['ignore', 'ignore_ament_install']
[0.892s] Level 1:colcon.colcon_core.package_identification:_identify(install) by extension 'ignore'
[0.892s] Level 1:colcon.colcon_core.package_identification:_identify(install) ignored
[0.892s] Level 1:colcon.colcon_core.package_identification:_identify(log) by extensions ['ignore', 'ignore_ament_install']
[0.892s] Level 1:colcon.colcon_core.package_identification:_identify(log) by extension 'ignore'
[0.892s] Level 1:colcon.colcon_core.package_identification:_identify(log) ignored
[0.892s] Level 1:colcon.colcon_core.package_identification:_identify(src) by extensions ['ignore', 'ignore_ament_install']
[0.892s] Level 1:colcon.colcon_core.package_identification:_identify(src) by extension 'ignore'
[0.892s] Level 1:colcon.colcon_core.package_identification:_identify(src) by extension 'ignore_ament_install'
[0.893s] Level 1:colcon.colcon_core.package_identification:_identify(src) by extensions ['colcon_pkg']
[0.893s] Level 1:colcon.colcon_core.package_identification:_identify(src) by extension 'colcon_pkg'
[0.893s] Level 1:colcon.colcon_core.package_identification:_identify(src) by extensions ['colcon_meta']
[0.893s] Level 1:colcon.colcon_core.package_identification:_identify(src) by extension 'colcon_meta'
[0.893s] Level 1:colcon.colcon_core.package_identification:_identify(src) by extensions ['ros']
[0.893s] Level 1:colcon.colcon_core.package_identification:_identify(src) by extension 'ros'
[0.893s] Level 1:colcon.colcon_core.package_identification:_identify(src) by extensions ['cmake', 'python']
[0.893s] Level 1:colcon.colcon_core.package_identification:_identify(src) by extension 'cmake'
[0.893s] Level 1:colcon.colcon_core.package_identification:_identify(src) by extension 'python'
[0.893s] Level 1:colcon.colcon_core.package_identification:_identify(src) by extensions ['python_setup_py']
[0.893s] Level 1:colcon.colcon_core.package_identification:_identify(src) by extension 'python_setup_py'
[0.893s] Level 1:colcon.colcon_core.package_identification:_identify(src/camera_sub_pkg) by extensions ['ignore', 'ignore_ament_install']
[0.893s] Level 1:colcon.colcon_core.package_identification:_identify(src/camera_sub_pkg) by extension 'ignore'
[0.893s] Level 1:colcon.colcon_core.package_identification:_identify(src/camera_sub_pkg) by extension 'ignore_ament_install'
[0.893s] Level 1:colcon.colcon_core.package_identification:_identify(src/camera_sub_pkg) by extensions ['colcon_pkg']
[0.893s] Level 1:colcon.colcon_core.package_identification:_identify(src/camera_sub_pkg) by extension 'colcon_pkg'
[0.893s] Level 1:colcon.colcon_core.package_identification:_identify(src/camera_sub_pkg) by extensions ['colcon_meta']
[0.893s] Level 1:colcon.colcon_core.package_identification:_identify(src/camera_sub_pkg) by extension 'colcon_meta'
[0.893s] Level 1:colcon.colcon_core.package_identification:_identify(src/camera_sub_pkg) by extensions ['ros']
[0.893s] Level 1:colcon.colcon_core.package_identification:_identify(src/camera_sub_pkg) by extension 'ros'
[0.896s] DEBUG:colcon.colcon_core.package_identification:Package 'src/camera_sub_pkg' with type 'ros.ament_python' and name 'camera_sub_pkg'
[0.896s] Level 1:colcon.colcon_core.package_identification:_identify(src/rover_interfaces) by extensions ['ignore', 'ignore_ament_install']
[0.896s] Level 1:colcon.colcon_core.package_identification:_identify(src/rover_interfaces) by extension 'ignore'
[0.896s] Level 1:colcon.colcon_core.package_identification:_identify(src/rover_interfaces) by extension 'ignore_ament_install'
[0.896s] Level 1:colcon.colcon_core.package_identification:_identify(src/rover_interfaces) by extensions ['colcon_pkg']
[0.897s] Level 1:colcon.colcon_core.package_identification:_identify(src/rover_interfaces) by extension 'colcon_pkg'
[0.897s] Level 1:colcon.colcon_core.package_identification:_identify(src/rover_interfaces) by extensions ['colcon_meta']
[0.897s] Level 1:colcon.colcon_core.package_identification:_identify(src/rover_interfaces) by extension 'colcon_meta'
[0.897s] Level 1:colcon.colcon_core.package_identification:_identify(src/rover_interfaces) by extensions ['ros']
[0.897s] Level 1:colcon.colcon_core.package_identification:_identify(src/rover_interfaces) by extension 'ros'
[0.897s] DEBUG:colcon.colcon_core.package_identification:Package 'src/rover_interfaces' with type 'ros.ament_cmake' and name 'rover_interfaces'
[0.897s] Level 1:colcon.colcon_core.package_discovery:discover_packages(recursive) using defaults
[0.897s] Level 1:colcon.colcon_core.package_discovery:discover_packages(ignore) discover
[0.897s] Level 1:colcon.colcon_core.package_discovery:discover_packages(ignore) using defaults
[0.897s] Level 1:colcon.colcon_core.package_discovery:discover_packages(path) discover
[0.897s] Level 1:colcon.colcon_core.package_discovery:discover_packages(path) using defaults
[0.973s] Level 1:colcon.colcon_core.package_discovery:discover_packages(prefix_path) check parameters
[0.973s] Level 1:colcon.colcon_core.package_discovery:discover_packages(prefix_path) discover
[0.999s] DEBUG:colcon.colcon_installed_package_information.package_discovery:Found 1 installed packages in /home/rafal/Robot_client/ros2_ws/install
[1.011s] DEBUG:colcon.colcon_installed_package_information.package_discovery:Found 320 installed packages in /opt/ros/humble
[1.012s] Level 1:colcon.colcon_core.package_discovery:discover_packages(prefix_path) using defaults
[1.094s] Level 5:colcon.colcon_core.verb:set package 'camera_sub_pkg' build argument 'cmake_args' from command line to 'None'
[1.094s] Level 5:colcon.colcon_core.verb:set package 'camera_sub_pkg' build argument 'cmake_target' from command line to 'None'
[1.094s] Level 5:colcon.colcon_core.verb:set package 'camera_sub_pkg' build argument 'cmake_target_skip_unavailable' from command line to 'False'
[1.094s] Level 5:colcon.colcon_core.verb:set package 'camera_sub_pkg' build argument 'cmake_clean_cache' from command line to 'False'
[1.094s] Level 5:colcon.colcon_core.verb:set package 'camera_sub_pkg' build argument 'cmake_clean_first' from command line to 'False'
[1.094s] Level 5:colcon.colcon_core.verb:set package 'camera_sub_pkg' build argument 'cmake_force_configure' from command line to 'False'
[1.094s] Level 5:colcon.colcon_core.verb:set package 'camera_sub_pkg' build argument 'ament_cmake_args' from command line to 'None'
[1.094s] Level 5:colcon.colcon_core.verb:set package 'camera_sub_pkg' build argument 'catkin_cmake_args' from command line to 'None'
[1.094s] Level 5:colcon.colcon_core.verb:set package 'camera_sub_pkg' build argument 'catkin_skip_building_tests' from command line to 'False'
[1.094s] DEBUG:colcon.colcon_core.verb:Building package 'camera_sub_pkg' with the following arguments: {'ament_cmake_args': None, 'build_base': '/home/rafal/Robot_client/ros2_ws/build/camera_sub_pkg', 'catkin_cmake_args': None, 'catkin_skip_building_tests': False, 'cmake_args': None, 'cmake_clean_cache': False, 'cmake_clean_first': False, 'cmake_force_configure': False, 'cmake_target': None, 'cmake_target_skip_unavailable': False, 'install_base': '/home/rafal/Robot_client/ros2_ws/install/camera_sub_pkg', 'merge_install': False, 'path': '/home/rafal/Robot_client/ros2_ws/src/camera_sub_pkg', 'symlink_install': False, 'test_result_base': None}
[1.107s] Level 5:colcon.colcon_core.verb:set package 'rover_interfaces' build argument 'cmake_args' from command line to 'None'
[1.107s] Level 5:colcon.colcon_core.verb:set package 'rover_interfaces' build argument 'cmake_target' from command line to 'None'
[1.107s] Level 5:colcon.colcon_core.verb:set package 'rover_interfaces' build argument 'cmake_target_skip_unavailable' from command line to 'False'
[1.107s] Level 5:colcon.colcon_core.verb:set package 'rover_interfaces' build argument 'cmake_clean_cache' from command line to 'False'
[1.107s] Level 5:colcon.colcon_core.verb:set package 'rover_interfaces' build argument 'cmake_clean_first' from command line to 'False'
[1.107s] Level 5:colcon.colcon_core.verb:set package 'rover_interfaces' build argument 'cmake_force_configure' from command line to 'False'
[1.107s] Level 5:colcon.colcon_core.verb:set package 'rover_interfaces' build argument 'ament_cmake_args' from command line to 'None'
[1.108s] Level 5:colcon.colcon_core.verb:set package 'rover_interfaces' build argument 'catkin_cmake_args' from command line to 'None'
[1.108s] Level 5:colcon.colcon_core.verb:set package 'rover_interfaces' build argument 'catkin_skip_building_tests' from command line to 'False'
[1.108s] DEBUG:colcon.colcon_core.verb:Building package 'rover_interfaces' with the following arguments: {'ament_cmake_args': None, 'build_base': '/home/rafal/Robot_client/ros2_ws/build/rover_interfaces', 'catkin_cmake_args': None, 'catkin_skip_building_tests': False, 'cmake_args': None, 'cmake_clean_cache': False, 'cmake_clean_first': False, 'cmake_force_configure': False, 'cmake_target': None, 'cmake_target_skip_unavailable': False, 'install_base': '/home/rafal/Robot_client/ros2_ws/install/rover_interfaces', 'merge_install': False, 'path': '/home/rafal/Robot_client/ros2_ws/src/rover_interfaces', 'symlink_install': False, 'test_result_base': None}
[1.119s] INFO:colcon.colcon_core.executor:Executing jobs using 'parallel' executor
[1.132s] DEBUG:colcon.colcon_parallel_executor.executor.parallel:run_until_complete
[1.132s] INFO:colcon.colcon_ros.task.ament_python.build:Building ROS package in '/home/rafal/Robot_client/ros2_ws/src/camera_sub_pkg' with build type 'ament_python'
[1.132s] Level 1:colcon.colcon_core.shell:create_environment_hook('camera_sub_pkg', 'ament_prefix_path')
[1.147s] INFO:colcon.colcon_core.plugin_system:Skipping extension 'colcon_core.shell.bat': Not used on non-Windows systems
[1.147s] INFO:colcon.colcon_core.shell:Creating environment hook '/home/rafal/Robot_client/ros2_ws/install/camera_sub_pkg/share/camera_sub_pkg/hook/ament_prefix_path.ps1'
[1.148s] INFO:colcon.colcon_core.shell:Creating environment descriptor '/home/rafal/Robot_client/ros2_ws/install/camera_sub_pkg/share/camera_sub_pkg/hook/ament_prefix_path.dsv'
[1.148s] INFO:colcon.colcon_core.shell:Creating environment hook '/home/rafal/Robot_client/ros2_ws/install/camera_sub_pkg/share/camera_sub_pkg/hook/ament_prefix_path.sh'
[1.162s] INFO:colcon.colcon_core.shell:Skip shell extension 'powershell' for command environment: Not usable outside of PowerShell
[1.162s] DEBUG:colcon.colcon_core.shell:Skip shell extension 'dsv' for command environment
[1.200s] INFO:colcon.colcon_ros.task.ament_cmake.build:Building ROS package in '/home/rafal/Robot_client/ros2_ws/src/rover_interfaces' with build type 'ament_cmake'
[1.200s] INFO:colcon.colcon_cmake.task.cmake.build:Building CMake package in '/home/rafal/Robot_client/ros2_ws/src/rover_interfaces'
[1.213s] INFO:colcon.colcon_core.shell:Skip shell extension 'powershell' for command environment: Not usable outside of PowerShell
[1.213s] DEBUG:colcon.colcon_core.shell:Skip shell extension 'dsv' for command environment
[1.477s] INFO:colcon.colcon_core.task.python.build:Building Python package in '/home/rafal/Robot_client/ros2_ws/src/camera_sub_pkg'
[1.489s] INFO:colcon.colcon_core.shell:Skip shell extension 'powershell' for command environment: Not usable outside of PowerShell
[1.489s] DEBUG:colcon.colcon_core.shell:Skip shell extension 'dsv' for command environment
[1.538s] DEBUG:colcon.colcon_core.event_handler.log_command:Invoking command in '/home/rafal/Robot_client/ros2_ws/build/rover_interfaces': CMAKE_PREFIX_PATH=/home/rafal/Robot_client/ros2_ws/install/camera_sub_pkg:/opt/ros/humble /usr/bin/cmake /home/rafal/Robot_client/ros2_ws/src/rover_interfaces -DCMAKE_INSTALL_PREFIX=/home/rafal/Robot_client/ros2_ws/install/rover_interfaces
[1.921s] DEBUG:colcon.colcon_core.event_handler.log_command:Invoking command in '/home/rafal/Robot_client/ros2_ws/build/camera_sub_pkg': PYTHONPATH=/home/rafal/Robot_client/ros2_ws/build/camera_sub_pkg/prefix_override:/home/rafal/Robot_client/ros2_ws/install/camera_sub_pkg/lib/python3.10/site-packages:${PYTHONPATH} /usr/bin/python3 setup.py develop --uninstall --editable --build-directory /home/rafal/Robot_client/ros2_ws/build/camera_sub_pkg/build
[2.336s] DEBUG:colcon.colcon_core.event_handler.log_command:Invoked command in '/home/rafal/Robot_client/ros2_ws/build/camera_sub_pkg' returned '0': PYTHONPATH=/home/rafal/Robot_client/ros2_ws/build/camera_sub_pkg/prefix_override:/home/rafal/Robot_client/ros2_ws/install/camera_sub_pkg/lib/python3.10/site-packages:${PYTHONPATH} /usr/bin/python3 setup.py develop --uninstall --editable --build-directory /home/rafal/Robot_client/ros2_ws/build/camera_sub_pkg/build
[2.337s] DEBUG:colcon.colcon_core.event_handler.log_command:Invoking command in '/home/rafal/Robot_client/ros2_ws/src/camera_sub_pkg': PYTHONPATH=/home/rafal/Robot_client/ros2_ws/build/camera_sub_pkg/prefix_override:/home/rafal/Robot_client/ros2_ws/install/camera_sub_pkg/lib/python3.10/site-packages:${PYTHONPATH} /usr/bin/python3 setup.py egg_info --egg-base ../../build/camera_sub_pkg build --build-base /home/rafal/Robot_client/ros2_ws/build/camera_sub_pkg/build install --record /home/rafal/Robot_client/ros2_ws/build/camera_sub_pkg/install.log --single-version-externally-managed
[2.599s] DEBUG:colcon.colcon_core.event_handler.log_command:Invoked command in '/home/rafal/Robot_client/ros2_ws/src/camera_sub_pkg' returned '0': PYTHONPATH=/home/rafal/Robot_client/ros2_ws/build/camera_sub_pkg/prefix_override:/home/rafal/Robot_client/ros2_ws/install/camera_sub_pkg/lib/python3.10/site-packages:${PYTHONPATH} /usr/bin/python3 setup.py egg_info --egg-base ../../build/camera_sub_pkg build --build-base /home/rafal/Robot_client/ros2_ws/build/camera_sub_pkg/build install --record /home/rafal/Robot_client/ros2_ws/build/camera_sub_pkg/install.log --single-version-externally-managed
[2.614s] Level 1:colcon.colcon_core.environment:checking '/home/rafal/Robot_client/ros2_ws/install/camera_sub_pkg' for CMake module files
[2.614s] Level 1:colcon.colcon_core.environment:checking '/home/rafal/Robot_client/ros2_ws/install/camera_sub_pkg' for CMake config files
[2.615s] Level 1:colcon.colcon_core.environment:checking '/home/rafal/Robot_client/ros2_ws/install/camera_sub_pkg/lib'
[2.615s] Level 1:colcon.colcon_core.environment:checking '/home/rafal/Robot_client/ros2_ws/install/camera_sub_pkg/bin'
[2.615s] Level 1:colcon.colcon_core.environment:checking '/home/rafal/Robot_client/ros2_ws/install/camera_sub_pkg/lib/pkgconfig/camera_sub_pkg.pc'
[2.615s] Level 1:colcon.colcon_core.environment:checking '/home/rafal/Robot_client/ros2_ws/install/camera_sub_pkg/lib/python3.10/site-packages'
[2.615s] Level 1:colcon.colcon_core.shell:create_environment_hook('camera_sub_pkg', 'pythonpath')
[2.628s] INFO:colcon.colcon_core.shell:Creating environment hook '/home/rafal/Robot_client/ros2_ws/install/camera_sub_pkg/share/camera_sub_pkg/hook/pythonpath.ps1'
[2.629s] INFO:colcon.colcon_core.shell:Creating environment descriptor '/home/rafal/Robot_client/ros2_ws/install/camera_sub_pkg/share/camera_sub_pkg/hook/pythonpath.dsv'
[2.629s] INFO:colcon.colcon_core.shell:Creating environment hook '/home/rafal/Robot_client/ros2_ws/install/camera_sub_pkg/share/camera_sub_pkg/hook/pythonpath.sh'
[2.629s] Level 1:colcon.colcon_core.environment:checking '/home/rafal/Robot_client/ros2_ws/install/camera_sub_pkg/bin'
[2.629s] Level 1:colcon.colcon_core.environment:create_environment_scripts_only(camera_sub_pkg)
[2.642s] INFO:colcon.colcon_core.shell:Creating package script '/home/rafal/Robot_client/ros2_ws/install/camera_sub_pkg/share/camera_sub_pkg/package.ps1'
[2.643s] INFO:colcon.colcon_core.shell:Creating package descriptor '/home/rafal/Robot_client/ros2_ws/install/camera_sub_pkg/share/camera_sub_pkg/package.dsv'
[2.644s] INFO:colcon.colcon_core.shell:Creating package script '/home/rafal/Robot_client/ros2_ws/install/camera_sub_pkg/share/camera_sub_pkg/package.sh'
[2.644s] INFO:colcon.colcon_core.shell:Creating package script '/home/rafal/Robot_client/ros2_ws/install/camera_sub_pkg/share/camera_sub_pkg/package.bash'
[2.645s] INFO:colcon.colcon_core.shell:Creating package script '/home/rafal/Robot_client/ros2_ws/install/camera_sub_pkg/share/camera_sub_pkg/package.zsh'
[2.646s] Level 1:colcon.colcon_core.environment:create_file_with_runtime_dependencies(/home/rafal/Robot_client/ros2_ws/install/camera_sub_pkg/share/colcon-core/packages/camera_sub_pkg)
[2.816s] DEBUG:colcon.colcon_core.event_handler.log_command:Invoked command in '/home/rafal/Robot_client/ros2_ws/build/rover_interfaces' returned '0': CMAKE_PREFIX_PATH=/home/rafal/Robot_client/ros2_ws/install/camera_sub_pkg:/opt/ros/humble /usr/bin/cmake /home/rafal/Robot_client/ros2_ws/src/rover_interfaces -DCMAKE_INSTALL_PREFIX=/home/rafal/Robot_client/ros2_ws/install/rover_interfaces
[2.817s] DEBUG:colcon.colcon_core.event_handler.log_command:Invoking command in '/home/rafal/Robot_client/ros2_ws/build/rover_interfaces': CMAKE_PREFIX_PATH=/home/rafal/Robot_client/ros2_ws/install/camera_sub_pkg:/opt/ros/humble /usr/bin/cmake --build /home/rafal/Robot_client/ros2_ws/build/rover_interfaces -- -j8 -l8
[4.466s] DEBUG:colcon.colcon_core.event_handler.log_command:Invoked command in '/home/rafal/Robot_client/ros2_ws/build/rover_interfaces' returned '0': CMAKE_PREFIX_PATH=/home/rafal/Robot_client/ros2_ws/install/camera_sub_pkg:/opt/ros/humble /usr/bin/cmake --build /home/rafal/Robot_client/ros2_ws/build/rover_interfaces -- -j8 -l8
[4.512s] DEBUG:colcon.colcon_core.event_handler.log_command:Invoking command in '/home/rafal/Robot_client/ros2_ws/build/rover_interfaces': CMAKE_PREFIX_PATH=/home/rafal/Robot_client/ros2_ws/install/camera_sub_pkg:/opt/ros/humble /usr/bin/cmake --install /home/rafal/Robot_client/ros2_ws/build/rover_interfaces
[4.559s] Level 1:colcon.colcon_core.environment:create_environment_scripts_only(rover_interfaces)
[4.559s] DEBUG:colcon.colcon_core.event_handler.log_command:Invoked command in '/home/rafal/Robot_client/ros2_ws/build/rover_interfaces' returned '0': CMAKE_PREFIX_PATH=/home/rafal/Robot_client/ros2_ws/install/camera_sub_pkg:/opt/ros/humble /usr/bin/cmake --install /home/rafal/Robot_client/ros2_ws/build/rover_interfaces
[4.572s] Level 1:colcon.colcon_core.environment:checking '/home/rafal/Robot_client/ros2_ws/install/rover_interfaces' for CMake module files
[4.572s] Level 1:colcon.colcon_core.environment:checking '/home/rafal/Robot_client/ros2_ws/install/rover_interfaces' for CMake config files
[4.573s] Level 1:colcon.colcon_core.shell:create_environment_hook('rover_interfaces', 'cmake_prefix_path')
[4.585s] INFO:colcon.colcon_core.shell:Creating environment hook '/home/rafal/Robot_client/ros2_ws/install/rover_interfaces/share/rover_interfaces/hook/cmake_prefix_path.ps1'
[4.585s] INFO:colcon.colcon_core.shell:Creating environment descriptor '/home/rafal/Robot_client/ros2_ws/install/rover_interfaces/share/rover_interfaces/hook/cmake_prefix_path.dsv'
[4.586s] INFO:colcon.colcon_core.shell:Creating environment hook '/home/rafal/Robot_client/ros2_ws/install/rover_interfaces/share/rover_interfaces/hook/cmake_prefix_path.sh'
[4.586s] Level 1:colcon.colcon_core.environment:checking '/home/rafal/Robot_client/ros2_ws/install/rover_interfaces/lib'
[4.586s] Level 1:colcon.colcon_core.shell:create_environment_hook('rover_interfaces', 'ld_library_path_lib')
[4.598s] INFO:colcon.colcon_core.shell:Creating environment hook '/home/rafal/Robot_client/ros2_ws/install/rover_interfaces/share/rover_interfaces/hook/ld_library_path_lib.ps1'
[4.599s] INFO:colcon.colcon_core.shell:Creating environment descriptor '/home/rafal/Robot_client/ros2_ws/install/rover_interfaces/share/rover_interfaces/hook/ld_library_path_lib.dsv'
[4.599s] INFO:colcon.colcon_core.shell:Creating environment hook '/home/rafal/Robot_client/ros2_ws/install/rover_interfaces/share/rover_interfaces/hook/ld_library_path_lib.sh'
[4.599s] Level 1:colcon.colcon_core.environment:checking '/home/rafal/Robot_client/ros2_ws/install/rover_interfaces/bin'
[4.599s] Level 1:colcon.colcon_core.environment:checking '/home/rafal/Robot_client/ros2_ws/install/rover_interfaces/lib/pkgconfig/rover_interfaces.pc'
[4.599s] Level 1:colcon.colcon_core.environment:checking '/home/rafal/Robot_client/ros2_ws/install/rover_interfaces/lib/python3.10/site-packages'
[4.599s] Level 1:colcon.colcon_core.environment:checking '/home/rafal/Robot_client/ros2_ws/install/rover_interfaces/bin'
[4.612s] INFO:colcon.colcon_core.shell:Creating package script '/home/rafal/Robot_client/ros2_ws/install/rover_interfaces/share/rover_interfaces/package.ps1'
[4.612s] INFO:colcon.colcon_core.shell:Creating package descriptor '/home/rafal/Robot_client/ros2_ws/install/rover_interfaces/share/rover_interfaces/package.dsv'
[4.612s] INFO:colcon.colcon_core.shell:Creating package script '/home/rafal/Robot_client/ros2_ws/install/rover_interfaces/share/rover_interfaces/package.sh'
[4.613s] INFO:colcon.colcon_core.shell:Creating package script '/home/rafal/Robot_client/ros2_ws/install/rover_interfaces/share/rover_interfaces/package.bash'
[4.613s] INFO:colcon.colcon_core.shell:Creating package script '/home/rafal/Robot_client/ros2_ws/install/rover_interfaces/share/rover_interfaces/package.zsh'
[4.613s] Level 1:colcon.colcon_core.environment:create_file_with_runtime_dependencies(/home/rafal/Robot_client/ros2_ws/install/rover_interfaces/share/colcon-core/packages/rover_interfaces)
[4.662s] Level 1:colcon.colcon_core.environment:create_environment_scripts_only(rover_interfaces)
[4.675s] Level 1:colcon.colcon_core.environment:checking '/home/rafal/Robot_client/ros2_ws/install/rover_interfaces' for CMake module files
[4.675s] Level 1:colcon.colcon_core.environment:checking '/home/rafal/Robot_client/ros2_ws/install/rover_interfaces' for CMake config files
[4.675s] Level 1:colcon.colcon_core.shell:create_environment_hook('rover_interfaces', 'cmake_prefix_path')
[4.687s] INFO:colcon.colcon_core.shell:Creating environment hook '/home/rafal/Robot_client/ros2_ws/install/rover_interfaces/share/rover_interfaces/hook/cmake_prefix_path.ps1'
[4.688s] INFO:colcon.colcon_core.shell:Creating environment descriptor '/home/rafal/Robot_client/ros2_ws/install/rover_interfaces/share/rover_interfaces/hook/cmake_prefix_path.dsv'
[4.688s] INFO:colcon.colcon_core.shell:Creating environment hook '/home/rafal/Robot_client/ros2_ws/install/rover_interfaces/share/rover_interfaces/hook/cmake_prefix_path.sh'
[4.688s] Level 1:colcon.colcon_core.environment:checking '/home/rafal/Robot_client/ros2_ws/install/rover_interfaces/lib'
[4.688s] Level 1:colcon.colcon_core.shell:create_environment_hook('rover_interfaces', 'ld_library_path_lib')
[4.701s] INFO:colcon.colcon_core.shell:Creating environment hook '/home/rafal/Robot_client/ros2_ws/install/rover_interfaces/share/rover_interfaces/hook/ld_library_path_lib.ps1'
[4.701s] INFO:colcon.colcon_core.shell:Creating environment descriptor '/home/rafal/Robot_client/ros2_ws/install/rover_interfaces/share/rover_interfaces/hook/ld_library_path_lib.dsv'
[4.701s] INFO:colcon.colcon_core.shell:Creating environment hook '/home/rafal/Robot_client/ros2_ws/install/rover_interfaces/share/rover_interfaces/hook/ld_library_path_lib.sh'
[4.701s] Level 1:colcon.colcon_core.environment:checking '/home/rafal/Robot_client/ros2_ws/install/rover_interfaces/bin'
[4.701s] Level 1:colcon.colcon_core.environment:checking '/home/rafal/Robot_client/ros2_ws/install/rover_interfaces/lib/pkgconfig/rover_interfaces.pc'
[4.702s] Level 1:colcon.colcon_core.environment:checking '/home/rafal/Robot_client/ros2_ws/install/rover_interfaces/lib/python3.10/site-packages'
[4.702s] Level 1:colcon.colcon_core.environment:checking '/home/rafal/Robot_client/ros2_ws/install/rover_interfaces/bin'
[4.714s] INFO:colcon.colcon_core.shell:Creating package script '/home/rafal/Robot_client/ros2_ws/install/rover_interfaces/share/rover_interfaces/package.ps1'
[4.714s] INFO:colcon.colcon_core.shell:Creating package descriptor '/home/rafal/Robot_client/ros2_ws/install/rover_interfaces/share/rover_interfaces/package.dsv'
[4.715s] INFO:colcon.colcon_core.shell:Creating package script '/home/rafal/Robot_client/ros2_ws/install/rover_interfaces/share/rover_interfaces/package.sh'
[4.715s] INFO:colcon.colcon_core.shell:Creating package script '/home/rafal/Robot_client/ros2_ws/install/rover_interfaces/share/rover_interfaces/package.bash'
[4.715s] INFO:colcon.colcon_core.shell:Creating package script '/home/rafal/Robot_client/ros2_ws/install/rover_interfaces/share/rover_interfaces/package.zsh'
[4.715s] Level 1:colcon.colcon_core.environment:create_file_with_runtime_dependencies(/home/rafal/Robot_client/ros2_ws/install/rover_interfaces/share/colcon-core/packages/rover_interfaces)
[4.716s] DEBUG:colcon.colcon_parallel_executor.executor.parallel:closing loop
[4.716s] DEBUG:colcon.colcon_parallel_executor.executor.parallel:loop closed
[4.716s] DEBUG:colcon.colcon_parallel_executor.executor.parallel:run_until_complete finished with '0'
[4.716s] DEBUG:colcon.colcon_core.event_reactor:joining thread
[4.733s] INFO:colcon.colcon_core.plugin_system:Skipping extension 'colcon_notification.desktop_notification.terminal_notifier': Not used on non-Darwin systems
[4.734s] INFO:colcon.colcon_core.plugin_system:Skipping extension 'colcon_notification.desktop_notification.win32': Not used on non-Windows systems
[4.734s] INFO:colcon.colcon_notification.desktop_notification:Sending desktop notification using 'notify2'
[4.744s] DEBUG:colcon.colcon_core.event_reactor:joined thread
[4.760s] INFO:colcon.colcon_core.shell:Creating prefix script '/home/rafal/Robot_client/ros2_ws/install/local_setup.ps1'
[4.760s] INFO:colcon.colcon_core.shell:Creating prefix util module '/home/rafal/Robot_client/ros2_ws/install/_local_setup_util_ps1.py'
[4.762s] INFO:colcon.colcon_core.shell:Creating prefix chain script '/home/rafal/Robot_client/ros2_ws/install/setup.ps1'
[4.775s] INFO:colcon.colcon_core.shell:Creating prefix script '/home/rafal/Robot_client/ros2_ws/install/local_setup.sh'
[4.776s] INFO:colcon.colcon_core.shell:Creating prefix util module '/home/rafal/Robot_client/ros2_ws/install/_local_setup_util_sh.py'
[4.776s] INFO:colcon.colcon_core.shell:Creating prefix chain script '/home/rafal/Robot_client/ros2_ws/install/setup.sh'
[4.789s] INFO:colcon.colcon_core.shell:Creating prefix script '/home/rafal/Robot_client/ros2_ws/install/local_setup.bash'
[4.789s] INFO:colcon.colcon_core.shell:Creating prefix chain script '/home/rafal/Robot_client/ros2_ws/install/setup.bash'
[4.802s] INFO:colcon.colcon_core.shell:Creating prefix script '/home/rafal/Robot_client/ros2_ws/install/local_setup.zsh'
[4.803s] INFO:colcon.colcon_core.shell:Creating prefix chain script '/home/rafal/Robot_client/ros2_ws/install/setup.zsh'
